<!DOCTYPE html PUBLIC "-//W3C//DTD XHTML 1.1//EN" "http://www.w3.org/TR/xhtml11/DTD/xhtml11.dtd">
<html xmlns="http://www.w3.org/1999/xhtml"><head><title>TestNG Report</title><style type="text/css">table {margin-bottom:10px;border-collapse:collapse;empty-cells:show}th,td {border:1px solid #009;padding:.25em .5em}th {vertical-align:bottom}td {vertical-align:top}table a {font-weight:bold}.stripe td {background-color: #E6EBF9}.num {text-align:right}.passedodd td {background-color: #3F3}.passedeven td {background-color: #0A0}.skippedodd td {background-color: #DDD}.skippedeven td {background-color: #CCC}.failedodd td,.attn {background-color: #F33}.failedeven td,.stripe .attn {background-color: #D00}.stacktrace {white-space:pre;font-family:monospace}.totop {font-size:85%;text-align:center;border-bottom:2px solid #000}</style></head><body><table><tr><th>Test</th><th># Passed</th><th># Skipped</th><th># Failed</th><th>Time (ms)</th><th>Included Groups</th><th>Excluded Groups</th></tr><tr><th colspan="7">Custom</th></tr><tr><td><a href="#t0">Объект</a></td><td class="num">0</td><td class="num attn">2</td><td class="num attn">1</td><td class="num">86 332</td><td></td><td></td></tr><tr class="stripe"><td><a href="#t1">ПЛА</a></td><td class="num">0</td><td class="num attn">3</td><td class="num">0</td><td class="num">50 266</td><td></td><td></td></tr><tr><th>Total</th><th class="num">0</th><th class="num attn">5</th><th class="num attn">1</th><th class="num">136 598</th><th colspan="2"></th></tr></table><table><thead><tr><th>Class</th><th>Method</th><th>Start</th><th>Time (ms)</th></tr></thead><tbody><tr><th colspan="4">Custom</th></tr></tbody><tbody id="t0"><tr><th colspan="4">Объект &#8212; failed</th></tr><tr class="failedeven"><td rowspan="1">Object</td><td><a href="#m0">testAdd</a></td><td rowspan="1">1429081180255</td><td rowspan="1">56732</td></tr><tr><th colspan="4">Объект &#8212; skipped</th></tr><tr class="skippedeven"><td rowspan="2">Object</td><td><a href="#m1">testDelete</a></td><td rowspan="1">1429081237341</td><td rowspan="1">0</td></tr><tr class="skippedeven"><td><a href="#m2">testEdit</a></td><td rowspan="1">1429081237340</td><td rowspan="1">1</td></tr></tbody><tbody id="t1"><tr><th colspan="4">ПЛА &#8212; failed (configuration methods)</th></tr><tr class="failedeven"><td rowspan="1">PLA</td><td><a href="#m3">setUpTest</a></td><td rowspan="1">1429081243238</td><td rowspan="1">0</td></tr><tr><th colspan="4">ПЛА &#8212; skipped (configuration methods)</th></tr><tr class="skippedeven"><td rowspan="1">PLA</td><td><a href="#m4">setUpMethod</a></td><td rowspan="1">1429081293501</td><td rowspan="1">0</td></tr><tr><th colspan="4">ПЛА &#8212; skipped</th></tr><tr class="skippedeven"><td rowspan="3">PLA</td><td><a href="#m5">testAdd</a></td><td rowspan="1">1429081293502</td><td rowspan="1">0</td></tr><tr class="skippedeven"><td><a href="#m6">testDelete</a></td><td rowspan="1">1429081293502</td><td rowspan="1">0</td></tr><tr class="skippedeven"><td><a href="#m7">testEdit</a></td><td rowspan="1">1429081293502</td><td rowspan="1">0</td></tr></tbody></table><h2>Объект</h2><h3 id="m0">Object#testAdd</h3><table class="result"><tr><th>Exception</th></tr><tr><td><div class="stacktrace">java.lang.AssertionError: Время ожидания элемента {By.xpath: /html/body/ul/li/div} истекло.
	at TestBase.waitForElementPresent(TestBase.java:182)
	at TestBase.messageResultOfOperation(TestBase.java:216)
	at Object.testAdd(Object.java:59)
... Removed 28 stack frames</div></td></tr></table><p class="totop"><a href="#summary">back to summary</a></p><h3 id="m1">Object#testDelete</h3><table class="result"></table><p class="totop"><a href="#summary">back to summary</a></p><h3 id="m2">Object#testEdit</h3><table class="result"></table><p class="totop"><a href="#summary">back to summary</a></p><h2>ПЛА</h2><h3 id="m3">PLA#setUpTest</h3><table class="result"><tr><th>Exception</th></tr><tr><td><div class="stacktrace">org.openqa.selenium.WebDriverException: Failed to connect to binary FirefoxBinary(/usr/bin/firefox) on port 7055; process output follows: 

(process:8811): GLib-CRITICAL **: g_slice_set_config: assertion &apos;sys_page_size == 0&apos; failed

Build info: version: &apos;2.45.0&apos;, revision: &apos;5017cb8e7ca8e37638dc3091b2440b90a1d8686f&apos;, time: &apos;2015-02-27 09:10:26&apos;
System info: host: &apos;natalia-All-Series&apos;, ip: &apos;127.0.1.1&apos;, os.name: &apos;Linux&apos;, os.arch: &apos;i386&apos;, os.version: &apos;3.13.0-37-generic&apos;, java.version: &apos;1.7.0_72&apos;
Driver info: driver.version: FirefoxDriver
	at org.openqa.selenium.firefox.internal.NewProfileExtensionConnection.start(NewProfileExtensionConnection.java:134)
	at org.openqa.selenium.firefox.FirefoxDriver.startClient(FirefoxDriver.java:246)
	at org.openqa.selenium.remote.RemoteWebDriver.&lt;init&gt;(RemoteWebDriver.java:114)
	at org.openqa.selenium.firefox.FirefoxDriver.&lt;init&gt;(FirefoxDriver.java:191)
	at org.openqa.selenium.firefox.FirefoxDriver.&lt;init&gt;(FirefoxDriver.java:186)
	at org.openqa.selenium.firefox.FirefoxDriver.&lt;init&gt;(FirefoxDriver.java:103)
	at ru.stqa.selenium.factory.WebDriverFactoryInternal.createLocalDriver(WebDriverFactoryInternal.java:74)
	at ru.stqa.selenium.factory.WebDriverFactoryInternal.newDriver(WebDriverFactoryInternal.java:58)
	at ru.stqa.selenium.factory.ThreadLocalSingletonStorage.createNewDriver(ThreadLocalSingletonStorage.java:91)
	at ru.stqa.selenium.factory.ThreadLocalSingletonStorage.getDriver(ThreadLocalSingletonStorage.java:42)
	at ru.stqa.selenium.factory.WebDriverFactoryInternal.getDriver(WebDriverFactoryInternal.java:49)
	at ru.stqa.selenium.factory.WebDriverFactory.getDriver(WebDriverFactory.java:39)
	at TestBase.setUpTest(TestBase.java:107)
Caused by: org.openqa.selenium.WebDriverException: java.lang.InterruptedException: Process timed out after waiting for 45000 ms.
Build info: version: &apos;2.45.0&apos;, revision: &apos;5017cb8e7ca8e37638dc3091b2440b90a1d8686f&apos;, time: &apos;2015-02-27 09:10:26&apos;
System info: host: &apos;natalia-All-Series&apos;, ip: &apos;127.0.1.1&apos;, os.name: &apos;Linux&apos;, os.arch: &apos;i386&apos;, os.version: &apos;3.13.0-37-generic&apos;, java.version: &apos;1.7.0_72&apos;
Driver info: driver.version: FirefoxDriver
	at org.openqa.selenium.os.CommandLine.waitFor(CommandLine.java:131)
	at org.openqa.selenium.firefox.FirefoxBinary.waitFor(FirefoxBinary.java:222)
	at org.openqa.selenium.firefox.FirefoxBinary.clean(FirefoxBinary.java:242)
	at org.openqa.selenium.firefox.internal.NewProfileExtensionConnection.start(NewProfileExtensionConnection.java:91)
	... 37 more
Caused by: java.lang.InterruptedException: Process timed out after waiting for 45000 ms.
	at org.openqa.selenium.os.UnixProcess.waitFor(UnixProcess.java:148)
	at org.openqa.selenium.os.CommandLine.waitFor(CommandLine.java:129)
	... 40 more
... Removed 25 stack frames</div></td></tr></table><p class="totop"><a href="#summary">back to summary</a></p><h3 id="m4">PLA#setUpMethod</h3><table class="result"></table><p class="totop"><a href="#summary">back to summary</a></p><h3 id="m5">PLA#testAdd</h3><table class="result"></table><p class="totop"><a href="#summary">back to summary</a></p><h3 id="m6">PLA#testDelete</h3><table class="result"></table><p class="totop"><a href="#summary">back to summary</a></p><h3 id="m7">PLA#testEdit</h3><table class="result"></table><p class="totop"><a href="#summary">back to summary</a></p></body></html>