<?xml version="1.0" encoding="UTF-8"?>
<testng-results skipped="5" failed="1" total="6" passed="0">
  <reporter-output>
  </reporter-output>
  <suite name="Custom" duration-ms="137494" started-at="2015-04-15T06:59:16Z" finished-at="2015-04-15T07:01:33Z">
    <groups>
      <group name="edit">
        <method signature="Object.testEdit()[pri:0, instance:Object@199930b]" name="testEdit" class="Object"/>
        <method signature="PLA.testEdit()[pri:0, instance:PLA@cade58]" name="testEdit" class="PLA"/>
      </group> <!-- edit -->
      <group name="delete">
        <method signature="Object.testDelete()[pri:0, instance:Object@199930b]" name="testDelete" class="Object"/>
        <method signature="PLA.testDelete()[pri:0, instance:PLA@cade58]" name="testDelete" class="PLA"/>
      </group> <!-- delete -->
      <group name="add">
        <method signature="Object.testAdd()[pri:0, instance:Object@199930b]" name="testAdd" class="Object"/>
        <method signature="PLA.testAdd()[pri:0, instance:PLA@cade58]" name="testAdd" class="PLA"/>
      </group> <!-- add -->
    </groups>
    <test name="Объект" duration-ms="86332" started-at="2015-04-15T06:59:16Z" finished-at="2015-04-15T07:00:42Z">
      <class name="Object">
        <test-method status="PASS" signature="setUpTest()[pri:0, instance:Object@199930b]" name="setUpTest" is-config="true" duration-ms="23832" started-at="2015-04-15T10:59:16Z" finished-at="2015-04-15T10:59:39Z">
          <reporter-output>
          </reporter-output>
        </test-method> <!-- setUpTest -->
        <test-method status="PASS" signature="setUpMethod()[pri:0, instance:Object@199930b]" name="setUpMethod" is-config="true" duration-ms="0" started-at="2015-04-15T10:59:40Z" finished-at="2015-04-15T10:59:40Z">
          <reporter-output>
          </reporter-output>
        </test-method> <!-- setUpMethod -->
        <test-method status="FAIL" signature="testAdd()[pri:0, instance:Object@199930b]" name="testAdd" duration-ms="56732" started-at="2015-04-15T10:59:40Z" finished-at="2015-04-15T11:00:36Z">
          <exception class="java.lang.AssertionError">
            <message>
              <![CDATA[Время ожидания элемента {By.xpath: /html/body/ul/li/div} истекло.]]>
            </message>
            <full-stacktrace>
              <![CDATA[java.lang.AssertionError: Время ожидания элемента {By.xpath: /html/body/ul/li/div} истекло.
	at org.testng.Assert.fail(Assert.java:94)
	at TestBase.waitForElementPresent(TestBase.java:182)
	at TestBase.messageResultOfOperation(TestBase.java:216)
	at Object.testAdd(Object.java:59)
	at sun.reflect.NativeMethodAccessorImpl.invoke0(Native Method)
	at sun.reflect.NativeMethodAccessorImpl.invoke(NativeMethodAccessorImpl.java:57)
	at sun.reflect.DelegatingMethodAccessorImpl.invoke(DelegatingMethodAccessorImpl.java:43)
	at java.lang.reflect.Method.invoke(Method.java:606)
	at org.testng.internal.MethodInvocationHelper.invokeMethod(MethodInvocationHelper.java:84)
	at org.testng.internal.Invoker.invokeMethod(Invoker.java:714)
	at org.testng.internal.Invoker.invokeTestMethod(Invoker.java:901)
	at org.testng.internal.Invoker.invokeTestMethods(Invoker.java:1231)
	at org.testng.internal.TestMethodWorker.invokeTestMethods(TestMethodWorker.java:127)
	at org.testng.internal.TestMethodWorker.run(TestMethodWorker.java:111)
	at org.testng.TestRunner.privateRun(TestRunner.java:767)
	at org.testng.TestRunner.run(TestRunner.java:617)
	at org.testng.SuiteRunner.runTest(SuiteRunner.java:348)
	at org.testng.SuiteRunner.runSequentially(SuiteRunner.java:343)
	at org.testng.SuiteRunner.privateRun(SuiteRunner.java:305)
	at org.testng.SuiteRunner.run(SuiteRunner.java:254)
	at org.testng.SuiteRunnerWorker.runSuite(SuiteRunnerWorker.java:52)
	at org.testng.SuiteRunnerWorker.run(SuiteRunnerWorker.java:86)
	at org.testng.TestNG.runSuitesSequentially(TestNG.java:1224)
	at org.testng.TestNG.runSuitesLocally(TestNG.java:1149)
	at org.testng.TestNG.run(TestNG.java:1057)
	at org.apache.maven.surefire.testng.TestNGExecutor.run(TestNGExecutor.java:295)
	at org.apache.maven.surefire.testng.TestNGXmlTestSuite.execute(TestNGXmlTestSuite.java:84)
	at org.apache.maven.surefire.testng.TestNGProvider.invoke(TestNGProvider.java:90)
	at org.apache.maven.surefire.booter.ForkedBooter.invokeProviderInSameClassLoader(ForkedBooter.java:203)
	at org.apache.maven.surefire.booter.ForkedBooter.runSuitesInProcess(ForkedBooter.java:155)
	at org.apache.maven.surefire.booter.ForkedBooter.main(ForkedBooter.java:103)
]]>
            </full-stacktrace>
          </exception> <!-- java.lang.AssertionError -->
          <reporter-output>
          </reporter-output>
        </test-method> <!-- testAdd -->
        <test-method status="SKIP" signature="testEdit()[pri:0, instance:Object@199930b]" name="testEdit" duration-ms="1" started-at="2015-04-15T11:00:37Z" depends-on-methods="Object.testAdd" finished-at="2015-04-15T11:00:37Z">
          <reporter-output>
          </reporter-output>
        </test-method> <!-- testEdit -->
        <test-method status="PASS" signature="tearDown()[pri:0, instance:Object@199930b]" name="tearDown" is-config="true" duration-ms="5000" started-at="2015-04-15T11:00:37Z" finished-at="2015-04-15T11:00:42Z">
          <reporter-output>
          </reporter-output>
        </test-method> <!-- tearDown -->
        <test-method status="SKIP" signature="testDelete()[pri:0, instance:Object@199930b]" name="testDelete" duration-ms="0" started-at="2015-04-15T11:00:37Z" depends-on-methods="Object.testAdd" finished-at="2015-04-15T11:00:37Z">
          <reporter-output>
          </reporter-output>
        </test-method> <!-- testDelete -->
      </class> <!-- Object -->
    </test> <!-- Объект -->
    <test name="ПЛА" duration-ms="50266" started-at="2015-04-15T07:00:43Z" finished-at="2015-04-15T07:01:33Z">
      <class name="PLA">
        <test-method status="FAIL" signature="setUpTest()[pri:0, instance:PLA@cade58]" name="setUpTest" is-config="true" duration-ms="0" started-at="2015-04-15T11:00:43Z" finished-at="2015-04-15T11:00:43Z">
          <exception class="org.openqa.selenium.WebDriverException">
            <message>
              <![CDATA[Failed to connect to binary FirefoxBinary(/usr/bin/firefox) on port 7055; process output follows: 

(process:8811): GLib-CRITICAL **: g_slice_set_config: assertion 'sys_page_size == 0' failed

Build info: version: '2.45.0', revision: '5017cb8e7ca8e37638dc3091b2440b90a1d8686f', time: '2015-02-27 09:10:26'
System info: host: 'natalia-All-Series', ip: '127.0.1.1', os.name: 'Linux', os.arch: 'i386', os.version: '3.13.0-37-generic', java.version: '1.7.0_72'
Driver info: driver.version: FirefoxDriver]]>
            </message>
            <full-stacktrace>
              <![CDATA[org.openqa.selenium.WebDriverException: Failed to connect to binary FirefoxBinary(/usr/bin/firefox) on port 7055; process output follows: 

(process:8811): GLib-CRITICAL **: g_slice_set_config: assertion 'sys_page_size == 0' failed

Build info: version: '2.45.0', revision: '5017cb8e7ca8e37638dc3091b2440b90a1d8686f', time: '2015-02-27 09:10:26'
System info: host: 'natalia-All-Series', ip: '127.0.1.1', os.name: 'Linux', os.arch: 'i386', os.version: '3.13.0-37-generic', java.version: '1.7.0_72'
Driver info: driver.version: FirefoxDriver
	at org.openqa.selenium.firefox.internal.NewProfileExtensionConnection.start(NewProfileExtensionConnection.java:134)
	at org.openqa.selenium.firefox.FirefoxDriver.startClient(FirefoxDriver.java:246)
	at org.openqa.selenium.remote.RemoteWebDriver.<init>(RemoteWebDriver.java:114)
	at org.openqa.selenium.firefox.FirefoxDriver.<init>(FirefoxDriver.java:191)
	at org.openqa.selenium.firefox.FirefoxDriver.<init>(FirefoxDriver.java:186)
	at org.openqa.selenium.firefox.FirefoxDriver.<init>(FirefoxDriver.java:103)
	at ru.stqa.selenium.factory.WebDriverFactoryInternal.createLocalDriver(WebDriverFactoryInternal.java:74)
	at ru.stqa.selenium.factory.WebDriverFactoryInternal.newDriver(WebDriverFactoryInternal.java:58)
	at ru.stqa.selenium.factory.ThreadLocalSingletonStorage.createNewDriver(ThreadLocalSingletonStorage.java:91)
	at ru.stqa.selenium.factory.ThreadLocalSingletonStorage.getDriver(ThreadLocalSingletonStorage.java:42)
	at ru.stqa.selenium.factory.WebDriverFactoryInternal.getDriver(WebDriverFactoryInternal.java:49)
	at ru.stqa.selenium.factory.WebDriverFactory.getDriver(WebDriverFactory.java:39)
	at TestBase.setUpTest(TestBase.java:107)
	at sun.reflect.NativeMethodAccessorImpl.invoke0(Native Method)
	at sun.reflect.NativeMethodAccessorImpl.invoke(NativeMethodAccessorImpl.java:57)
	at sun.reflect.DelegatingMethodAccessorImpl.invoke(DelegatingMethodAccessorImpl.java:43)
	at java.lang.reflect.Method.invoke(Method.java:606)
	at org.testng.internal.MethodInvocationHelper.invokeMethod(MethodInvocationHelper.java:84)
	at org.testng.internal.Invoker.invokeConfigurationMethod(Invoker.java:564)
	at org.testng.internal.Invoker.invokeConfigurations(Invoker.java:213)
	at org.testng.internal.Invoker.invokeConfigurations(Invoker.java:138)
	at org.testng.TestRunner.beforeRun(TestRunner.java:641)
	at org.testng.TestRunner.run(TestRunner.java:609)
	at org.testng.SuiteRunner.runTest(SuiteRunner.java:348)
	at org.testng.SuiteRunner.runSequentially(SuiteRunner.java:343)
	at org.testng.SuiteRunner.privateRun(SuiteRunner.java:305)
	at org.testng.SuiteRunner.run(SuiteRunner.java:254)
	at org.testng.SuiteRunnerWorker.runSuite(SuiteRunnerWorker.java:52)
	at org.testng.SuiteRunnerWorker.run(SuiteRunnerWorker.java:86)
	at org.testng.TestNG.runSuitesSequentially(TestNG.java:1224)
	at org.testng.TestNG.runSuitesLocally(TestNG.java:1149)
	at org.testng.TestNG.run(TestNG.java:1057)
	at org.apache.maven.surefire.testng.TestNGExecutor.run(TestNGExecutor.java:295)
	at org.apache.maven.surefire.testng.TestNGXmlTestSuite.execute(TestNGXmlTestSuite.java:84)
	at org.apache.maven.surefire.testng.TestNGProvider.invoke(TestNGProvider.java:90)
	at org.apache.maven.surefire.booter.ForkedBooter.invokeProviderInSameClassLoader(ForkedBooter.java:203)
	at org.apache.maven.surefire.booter.ForkedBooter.runSuitesInProcess(ForkedBooter.java:155)
	at org.apache.maven.surefire.booter.ForkedBooter.main(ForkedBooter.java:103)
Caused by: org.openqa.selenium.WebDriverException: java.lang.InterruptedException: Process timed out after waiting for 45000 ms.
Build info: version: '2.45.0', revision: '5017cb8e7ca8e37638dc3091b2440b90a1d8686f', time: '2015-02-27 09:10:26'
System info: host: 'natalia-All-Series', ip: '127.0.1.1', os.name: 'Linux', os.arch: 'i386', os.version: '3.13.0-37-generic', java.version: '1.7.0_72'
Driver info: driver.version: FirefoxDriver
	at org.openqa.selenium.os.CommandLine.waitFor(CommandLine.java:131)
	at org.openqa.selenium.firefox.FirefoxBinary.waitFor(FirefoxBinary.java:222)
	at org.openqa.selenium.firefox.FirefoxBinary.clean(FirefoxBinary.java:242)
	at org.openqa.selenium.firefox.internal.NewProfileExtensionConnection.start(NewProfileExtensionConnection.java:91)
	... 37 more
Caused by: java.lang.InterruptedException: Process timed out after waiting for 45000 ms.
	at org.openqa.selenium.os.UnixProcess.waitFor(UnixProcess.java:148)
	at org.openqa.selenium.os.CommandLine.waitFor(CommandLine.java:129)
	... 40 more
]]>
            </full-stacktrace>
          </exception> <!-- org.openqa.selenium.WebDriverException -->
          <reporter-output>
          </reporter-output>
        </test-method> <!-- setUpTest -->
        <test-method status="SKIP" signature="setUpMethod()[pri:0, instance:PLA@cade58]" name="setUpMethod" is-config="true" duration-ms="0" started-at="2015-04-15T11:01:33Z" finished-at="2015-04-15T11:01:33Z">
          <reporter-output>
          </reporter-output>
        </test-method> <!-- setUpMethod -->
        <test-method status="PASS" signature="tearDown()[pri:0, instance:PLA@cade58]" name="tearDown" is-config="true" duration-ms="1" started-at="2015-04-15T11:01:33Z" finished-at="2015-04-15T11:01:33Z">
          <reporter-output>
          </reporter-output>
        </test-method> <!-- tearDown -->
        <test-method status="SKIP" signature="testAdd()[pri:0, instance:PLA@cade58]" name="testAdd" duration-ms="0" started-at="2015-04-15T11:01:33Z" finished-at="2015-04-15T11:01:33Z">
          <reporter-output>
          </reporter-output>
        </test-method> <!-- testAdd -->
        <test-method status="SKIP" signature="testEdit()[pri:0, instance:PLA@cade58]" name="testEdit" duration-ms="0" started-at="2015-04-15T11:01:33Z" depends-on-methods="PLA.testAdd" finished-at="2015-04-15T11:01:33Z">
          <reporter-output>
          </reporter-output>
        </test-method> <!-- testEdit -->
        <test-method status="SKIP" signature="testDelete()[pri:0, instance:PLA@cade58]" name="testDelete" duration-ms="0" started-at="2015-04-15T11:01:33Z" depends-on-methods="PLA.testAdd" finished-at="2015-04-15T11:01:33Z">
          <reporter-output>
          </reporter-output>
        </test-method> <!-- testDelete -->
      </class> <!-- PLA -->
    </test> <!-- ПЛА -->
  </suite> <!-- Custom -->
</testng-results>
