<html>
<head>
<title>TestNG:  Удаление</title>
<link href="../testng.css" rel="stylesheet" type="text/css" />
<link href="../my-testng.css" rel="stylesheet" type="text/css" />

<style type="text/css">
.log { display: none;} 
.stack-trace { display: none;} 
</style>
<script type="text/javascript">
<!--
function flip(e) {
  current = e.style.display;
  if (current == 'block') {
    e.style.display = 'none';
    return 0;
  }
  else {
    e.style.display = 'block';
    return 1;
  }
}

function toggleBox(szDivId, elem, msg1, msg2)
{
  var res = -1;  if (document.getElementById) {
    res = flip(document.getElementById(szDivId));
  }
  else if (document.all) {
    // this is the way old msie versions work
    res = flip(document.all[szDivId]);
  }
  if(elem) {
    if(res == 0) elem.innerHTML = msg1; else elem.innerHTML = msg2;
  }

}

function toggleAllBoxes() {
  if (document.getElementsByTagName) {
    d = document.getElementsByTagName('div');
    for (i = 0; i < d.length; i++) {
      if (d[i].className == 'log') {
        flip(d[i]);
      }
    }
  }
}

// -->
</script>

</head>
<body>
<h2 align='center'>Удаление</h2><table border='1' align="center">
<tr>
<td>Tests passed/Failed/Skipped:</td><td>0/10/0</td>
</tr><tr>
<td>Started on:</td><td>Tue May 19 12:12:48 MSK 2015</td>
</tr>
<tr><td>Total time:</td><td>495 seconds (495116 ms)</td>
</tr><tr>
<td>Included groups:</td><td>delete </td>
</tr><tr>
<td>Excluded groups:</td><td></td>
</tr>
</table><p/>
<small><i>(Hover the method name to see the test class name)</i></small><p/>
<table width='100%' border='1' class='invocation-failed'>
<tr><td colspan='4' align='center'><b>FAILED TESTS</b></td></tr>
<tr><td><b>Test method</b></td>
<td width="30%"><b>Exception</b></td>
<td width="10%"><b>Time (seconds)</b></td>
<td><b>Instance</b></td>
</tr>
<tr>
<td title='myobject.Accident.testDelete()'><b>testDelete</b><br>Test class: myobject.Accident</td>
<td><div><pre>java.lang.AssertionError: Время ожидания элемента {By.xpath: /html/body/ul/li/div} истекло.
	at Base.MOWebdriver.waitForElementPresent(SeleniumWebdriver.java:95)
	at Base.MOWebdriver.messageResultOfOperation(SeleniumWebdriver.java:181)
	at myobject.Accident.testDelete(myobject.Accident.java:265)
	at com.intellij.rt.execution.application.AppMain.main(AppMain.java:140)
... Removed 30 stack frames</pre></div><a href='#' onClick='toggleBox("stack-trace593262", this, "Click to show all stack frames", "Click to hide stack frames")'>Click to show all stack frames</a>
<div class='stack-trace' id='stack-trace593262'><pre>java.lang.AssertionError: Время ожидания элемента {By.xpath: /html/body/ul/li/div} истекло.
	at org.testng.Assert.fail(Assert.java:94)
	at Base.MOWebdriver.waitForElementPresent(SeleniumWebdriver.java:95)
	at Base.MOWebdriver.messageResultOfOperation(SeleniumWebdriver.java:181)
	at myobject.Accident.testDelete(myobject.Accident.java:265)
	at sun.reflect.NativeMethodAccessorImpl.invoke0(Native Method)
	at sun.reflect.NativeMethodAccessorImpl.invoke(NativeMethodAccessorImpl.java:57)
	at sun.reflect.DelegatingMethodAccessorImpl.invoke(DelegatingMethodAccessorImpl.java:43)
	at java.lang.reflect.Method.invoke(Method.java:606)
	at org.testng.internal.MethodInvocationHelper.invokeMethod(MethodInvocationHelper.java:84)
	at org.testng.internal.Invoker.invokeMethod(Invoker.java:714)
	at org.testng.internal.Invoker.invokeTestMethod(Invoker.java:901)
	at org.testng.internal.Invoker.invokeTestMethods(Invoker.java:1231)
	at org.testng.internal.TestMethodWorker.invokeTestMethods(TestMethodWorker.java:127)
	at org.testng.internal.TestMethodWorker.run(TestMethodWorker.java:111)
	at org.testng.TestRunner.privateRun(TestRunner.java:767)
	at org.testng.TestRunner.run(TestRunner.java:617)
	at org.testng.SuiteRunner.runTest(SuiteRunner.java:348)
	at org.testng.SuiteRunner.runSequentially(SuiteRunner.java:343)
	at org.testng.SuiteRunner.privateRun(SuiteRunner.java:305)
	at org.testng.SuiteRunner.run(SuiteRunner.java:254)
	at org.testng.SuiteRunnerWorker.runSuite(SuiteRunnerWorker.java:52)
	at org.testng.SuiteRunnerWorker.run(SuiteRunnerWorker.java:86)
	at org.testng.TestNG.runSuitesSequentially(TestNG.java:1224)
	at org.testng.TestNG.runSuitesLocally(TestNG.java:1149)
	at org.testng.TestNG.run(TestNG.java:1057)
	at org.testng.remote.RemoteTestNG.run(RemoteTestNG.java:111)
	at org.testng.remote.RemoteTestNG.initAndRun(RemoteTestNG.java:204)
	at org.testng.remote.RemoteTestNG.main(RemoteTestNG.java:175)
	at org.testng.RemoteTestNGStarter.main(RemoteTestNGStarter.java:125)
	at sun.reflect.NativeMethodAccessorImpl.invoke0(Native Method)
	at sun.reflect.NativeMethodAccessorImpl.invoke(NativeMethodAccessorImpl.java:57)
	at sun.reflect.DelegatingMethodAccessorImpl.invoke(DelegatingMethodAccessorImpl.java:43)
	at java.lang.reflect.Method.invoke(Method.java:606)
	at com.intellij.rt.execution.application.AppMain.main(AppMain.java:140)
</pre></div></td>
<td>41</td>
<td>myobject.Accident@307596</td></tr>
<tr>
<td title='myobject.BuildAndConstruction.testDelete()'><b>testDelete</b><br>Test class: myobject.BuildAndConstruction</td>
<td><div><pre>java.lang.AssertionError: Время ожидания элемента {By.xpath: /html/body/ul/li/div} истекло.
	at Base.MOWebdriver.waitForElementPresent(SeleniumWebdriver.java:95)
	at Base.MOWebdriver.messageResultOfOperation(SeleniumWebdriver.java:181)
	at myobject.BuildAndConstruction.testDelete(myobject.BuildAndConstruction.java:154)
	at com.intellij.rt.execution.application.AppMain.main(AppMain.java:140)
... Removed 30 stack frames</pre></div><a href='#' onClick='toggleBox("stack-trace27544218", this, "Click to show all stack frames", "Click to hide stack frames")'>Click to show all stack frames</a>
<div class='stack-trace' id='stack-trace27544218'><pre>java.lang.AssertionError: Время ожидания элемента {By.xpath: /html/body/ul/li/div} истекло.
	at org.testng.Assert.fail(Assert.java:94)
	at Base.MOWebdriver.waitForElementPresent(SeleniumWebdriver.java:95)
	at Base.MOWebdriver.messageResultOfOperation(SeleniumWebdriver.java:181)
	at myobject.BuildAndConstruction.testDelete(myobject.BuildAndConstruction.java:154)
	at sun.reflect.NativeMethodAccessorImpl.invoke0(Native Method)
	at sun.reflect.NativeMethodAccessorImpl.invoke(NativeMethodAccessorImpl.java:57)
	at sun.reflect.DelegatingMethodAccessorImpl.invoke(DelegatingMethodAccessorImpl.java:43)
	at java.lang.reflect.Method.invoke(Method.java:606)
	at org.testng.internal.MethodInvocationHelper.invokeMethod(MethodInvocationHelper.java:84)
	at org.testng.internal.Invoker.invokeMethod(Invoker.java:714)
	at org.testng.internal.Invoker.invokeTestMethod(Invoker.java:901)
	at org.testng.internal.Invoker.invokeTestMethods(Invoker.java:1231)
	at org.testng.internal.TestMethodWorker.invokeTestMethods(TestMethodWorker.java:127)
	at org.testng.internal.TestMethodWorker.run(TestMethodWorker.java:111)
	at org.testng.TestRunner.privateRun(TestRunner.java:767)
	at org.testng.TestRunner.run(TestRunner.java:617)
	at org.testng.SuiteRunner.runTest(SuiteRunner.java:348)
	at org.testng.SuiteRunner.runSequentially(SuiteRunner.java:343)
	at org.testng.SuiteRunner.privateRun(SuiteRunner.java:305)
	at org.testng.SuiteRunner.run(SuiteRunner.java:254)
	at org.testng.SuiteRunnerWorker.runSuite(SuiteRunnerWorker.java:52)
	at org.testng.SuiteRunnerWorker.run(SuiteRunnerWorker.java:86)
	at org.testng.TestNG.runSuitesSequentially(TestNG.java:1224)
	at org.testng.TestNG.runSuitesLocally(TestNG.java:1149)
	at org.testng.TestNG.run(TestNG.java:1057)
	at org.testng.remote.RemoteTestNG.run(RemoteTestNG.java:111)
	at org.testng.remote.RemoteTestNG.initAndRun(RemoteTestNG.java:204)
	at org.testng.remote.RemoteTestNG.main(RemoteTestNG.java:175)
	at org.testng.RemoteTestNGStarter.main(RemoteTestNGStarter.java:125)
	at sun.reflect.NativeMethodAccessorImpl.invoke0(Native Method)
	at sun.reflect.NativeMethodAccessorImpl.invoke(NativeMethodAccessorImpl.java:57)
	at sun.reflect.DelegatingMethodAccessorImpl.invoke(DelegatingMethodAccessorImpl.java:43)
	at java.lang.reflect.Method.invoke(Method.java:606)
	at com.intellij.rt.execution.application.AppMain.main(AppMain.java:140)
</pre></div></td>
<td>45</td>
<td>myobject.BuildAndConstruction@179f4cf</td></tr>
<tr>
<td title='myobject.Element.testDelete()'><b>testDelete</b><br>Test class: myobject.Element</td>
<td><div><pre>java.lang.AssertionError: Время ожидания элемента {By.xpath: //div[@id=&quot;workspace&quot;]//div[@id=&quot;grid-rows&quot; or @class=&quot;grid-rows&quot;]/div[@class]} истекло.
	at Base.MOWebdriver.waitForElementPresent(SeleniumWebdriver.java:95)
	at Base.MOWebdriver.selectRow(SeleniumWebdriver.java:515)
	at myobject.Element.testDelete(myobject.Element.java:217)
	at com.intellij.rt.execution.application.AppMain.main(AppMain.java:140)
... Removed 30 stack frames</pre></div><a href='#' onClick='toggleBox("stack-trace5848910", this, "Click to show all stack frames", "Click to hide stack frames")'>Click to show all stack frames</a>
<div class='stack-trace' id='stack-trace5848910'><pre>java.lang.AssertionError: Время ожидания элемента {By.xpath: //div[@id=&quot;workspace&quot;]//div[@id=&quot;grid-rows&quot; or @class=&quot;grid-rows&quot;]/div[@class]} истекло.
	at org.testng.Assert.fail(Assert.java:94)
	at Base.MOWebdriver.waitForElementPresent(SeleniumWebdriver.java:95)
	at Base.MOWebdriver.selectRow(SeleniumWebdriver.java:515)
	at myobject.Element.testDelete(myobject.Element.java:217)
	at sun.reflect.NativeMethodAccessorImpl.invoke0(Native Method)
	at sun.reflect.NativeMethodAccessorImpl.invoke(NativeMethodAccessorImpl.java:57)
	at sun.reflect.DelegatingMethodAccessorImpl.invoke(DelegatingMethodAccessorImpl.java:43)
	at java.lang.reflect.Method.invoke(Method.java:606)
	at org.testng.internal.MethodInvocationHelper.invokeMethod(MethodInvocationHelper.java:84)
	at org.testng.internal.Invoker.invokeMethod(Invoker.java:714)
	at org.testng.internal.Invoker.invokeTestMethod(Invoker.java:901)
	at org.testng.internal.Invoker.invokeTestMethods(Invoker.java:1231)
	at org.testng.internal.TestMethodWorker.invokeTestMethods(TestMethodWorker.java:127)
	at org.testng.internal.TestMethodWorker.run(TestMethodWorker.java:111)
	at org.testng.TestRunner.privateRun(TestRunner.java:767)
	at org.testng.TestRunner.run(TestRunner.java:617)
	at org.testng.SuiteRunner.runTest(SuiteRunner.java:348)
	at org.testng.SuiteRunner.runSequentially(SuiteRunner.java:343)
	at org.testng.SuiteRunner.privateRun(SuiteRunner.java:305)
	at org.testng.SuiteRunner.run(SuiteRunner.java:254)
	at org.testng.SuiteRunnerWorker.runSuite(SuiteRunnerWorker.java:52)
	at org.testng.SuiteRunnerWorker.run(SuiteRunnerWorker.java:86)
	at org.testng.TestNG.runSuitesSequentially(TestNG.java:1224)
	at org.testng.TestNG.runSuitesLocally(TestNG.java:1149)
	at org.testng.TestNG.run(TestNG.java:1057)
	at org.testng.remote.RemoteTestNG.run(RemoteTestNG.java:111)
	at org.testng.remote.RemoteTestNG.initAndRun(RemoteTestNG.java:204)
	at org.testng.remote.RemoteTestNG.main(RemoteTestNG.java:175)
	at org.testng.RemoteTestNGStarter.main(RemoteTestNGStarter.java:125)
	at sun.reflect.NativeMethodAccessorImpl.invoke0(Native Method)
	at sun.reflect.NativeMethodAccessorImpl.invoke(NativeMethodAccessorImpl.java:57)
	at sun.reflect.DelegatingMethodAccessorImpl.invoke(DelegatingMethodAccessorImpl.java:43)
	at java.lang.reflect.Method.invoke(Method.java:606)
	at com.intellij.rt.execution.application.AppMain.main(AppMain.java:140)
</pre></div></td>
<td>73</td>
<td>myobject.Element@1b7815e</td></tr>
<tr>
<td title='myobject.PLA.testDelete()'><b>testDelete</b><br>Test class: myobject.PLA</td>
<td><div><pre>java.lang.AssertionError: Время ожидания элемента {By.xpath: //div[@id=&quot;workspace&quot;]//div[@id=&quot;grid-rows&quot; or @class=&quot;grid-rows&quot;]/div[@class]} истекло.
	at Base.MOWebdriver.waitForElementPresent(SeleniumWebdriver.java:95)
	at Base.MOWebdriver.selectRow(SeleniumWebdriver.java:515)
	at myobject.PLA.testDelete(myobject.PLA.java:138)
	at com.intellij.rt.execution.application.AppMain.main(AppMain.java:140)
... Removed 30 stack frames</pre></div><a href='#' onClick='toggleBox("stack-trace18447056", this, "Click to show all stack frames", "Click to hide stack frames")'>Click to show all stack frames</a>
<div class='stack-trace' id='stack-trace18447056'><pre>java.lang.AssertionError: Время ожидания элемента {By.xpath: //div[@id=&quot;workspace&quot;]//div[@id=&quot;grid-rows&quot; or @class=&quot;grid-rows&quot;]/div[@class]} истекло.
	at org.testng.Assert.fail(Assert.java:94)
	at Base.MOWebdriver.waitForElementPresent(SeleniumWebdriver.java:95)
	at Base.MOWebdriver.selectRow(SeleniumWebdriver.java:515)
	at myobject.PLA.testDelete(myobject.PLA.java:138)
	at sun.reflect.NativeMethodAccessorImpl.invoke0(Native Method)
	at sun.reflect.NativeMethodAccessorImpl.invoke(NativeMethodAccessorImpl.java:57)
	at sun.reflect.DelegatingMethodAccessorImpl.invoke(DelegatingMethodAccessorImpl.java:43)
	at java.lang.reflect.Method.invoke(Method.java:606)
	at org.testng.internal.MethodInvocationHelper.invokeMethod(MethodInvocationHelper.java:84)
	at org.testng.internal.Invoker.invokeMethod(Invoker.java:714)
	at org.testng.internal.Invoker.invokeTestMethod(Invoker.java:901)
	at org.testng.internal.Invoker.invokeTestMethods(Invoker.java:1231)
	at org.testng.internal.TestMethodWorker.invokeTestMethods(TestMethodWorker.java:127)
	at org.testng.internal.TestMethodWorker.run(TestMethodWorker.java:111)
	at org.testng.TestRunner.privateRun(TestRunner.java:767)
	at org.testng.TestRunner.run(TestRunner.java:617)
	at org.testng.SuiteRunner.runTest(SuiteRunner.java:348)
	at org.testng.SuiteRunner.runSequentially(SuiteRunner.java:343)
	at org.testng.SuiteRunner.privateRun(SuiteRunner.java:305)
	at org.testng.SuiteRunner.run(SuiteRunner.java:254)
	at org.testng.SuiteRunnerWorker.runSuite(SuiteRunnerWorker.java:52)
	at org.testng.SuiteRunnerWorker.run(SuiteRunnerWorker.java:86)
	at org.testng.TestNG.runSuitesSequentially(TestNG.java:1224)
	at org.testng.TestNG.runSuitesLocally(TestNG.java:1149)
	at org.testng.TestNG.run(TestNG.java:1057)
	at org.testng.remote.RemoteTestNG.run(RemoteTestNG.java:111)
	at org.testng.remote.RemoteTestNG.initAndRun(RemoteTestNG.java:204)
	at org.testng.remote.RemoteTestNG.main(RemoteTestNG.java:175)
	at org.testng.RemoteTestNGStarter.main(RemoteTestNGStarter.java:125)
	at sun.reflect.NativeMethodAccessorImpl.invoke0(Native Method)
	at sun.reflect.NativeMethodAccessorImpl.invoke(NativeMethodAccessorImpl.java:57)
	at sun.reflect.DelegatingMethodAccessorImpl.invoke(DelegatingMethodAccessorImpl.java:43)
	at java.lang.reflect.Method.invoke(Method.java:606)
	at com.intellij.rt.execution.application.AppMain.main(AppMain.java:140)
</pre></div></td>
<td>51</td>
<td>myobject.PLA@1599fc</td></tr>
<tr>
<td title='myobject.Incident.testDelete()'><b>testDelete</b><br>Test class: myobject.Incident</td>
<td><div><pre>java.lang.AssertionError: Время ожидания элемента {By.xpath: /html/body/ul/li/div} истекло.
	at Base.MOWebdriver.waitForElementPresent(SeleniumWebdriver.java:95)
	at Base.MOWebdriver.messageResultOfOperation(SeleniumWebdriver.java:181)
	at myobject.Incident.testDelete(myobject.Incident.java:250)
	at com.intellij.rt.execution.application.AppMain.main(AppMain.java:140)
... Removed 30 stack frames</pre></div><a href='#' onClick='toggleBox("stack-trace31098817", this, "Click to show all stack frames", "Click to hide stack frames")'>Click to show all stack frames</a>
<div class='stack-trace' id='stack-trace31098817'><pre>java.lang.AssertionError: Время ожидания элемента {By.xpath: /html/body/ul/li/div} истекло.
	at org.testng.Assert.fail(Assert.java:94)
	at Base.MOWebdriver.waitForElementPresent(SeleniumWebdriver.java:95)
	at Base.MOWebdriver.messageResultOfOperation(SeleniumWebdriver.java:181)
	at myobject.Incident.testDelete(myobject.Incident.java:250)
	at sun.reflect.NativeMethodAccessorImpl.invoke0(Native Method)
	at sun.reflect.NativeMethodAccessorImpl.invoke(NativeMethodAccessorImpl.java:57)
	at sun.reflect.DelegatingMethodAccessorImpl.invoke(DelegatingMethodAccessorImpl.java:43)
	at java.lang.reflect.Method.invoke(Method.java:606)
	at org.testng.internal.MethodInvocationHelper.invokeMethod(MethodInvocationHelper.java:84)
	at org.testng.internal.Invoker.invokeMethod(Invoker.java:714)
	at org.testng.internal.Invoker.invokeTestMethod(Invoker.java:901)
	at org.testng.internal.Invoker.invokeTestMethods(Invoker.java:1231)
	at org.testng.internal.TestMethodWorker.invokeTestMethods(TestMethodWorker.java:127)
	at org.testng.internal.TestMethodWorker.run(TestMethodWorker.java:111)
	at org.testng.TestRunner.privateRun(TestRunner.java:767)
	at org.testng.TestRunner.run(TestRunner.java:617)
	at org.testng.SuiteRunner.runTest(SuiteRunner.java:348)
	at org.testng.SuiteRunner.runSequentially(SuiteRunner.java:343)
	at org.testng.SuiteRunner.privateRun(SuiteRunner.java:305)
	at org.testng.SuiteRunner.run(SuiteRunner.java:254)
	at org.testng.SuiteRunnerWorker.runSuite(SuiteRunnerWorker.java:52)
	at org.testng.SuiteRunnerWorker.run(SuiteRunnerWorker.java:86)
	at org.testng.TestNG.runSuitesSequentially(TestNG.java:1224)
	at org.testng.TestNG.runSuitesLocally(TestNG.java:1149)
	at org.testng.TestNG.run(TestNG.java:1057)
	at org.testng.remote.RemoteTestNG.run(RemoteTestNG.java:111)
	at org.testng.remote.RemoteTestNG.initAndRun(RemoteTestNG.java:204)
	at org.testng.remote.RemoteTestNG.main(RemoteTestNG.java:175)
	at org.testng.RemoteTestNGStarter.main(RemoteTestNGStarter.java:125)
	at sun.reflect.NativeMethodAccessorImpl.invoke0(Native Method)
	at sun.reflect.NativeMethodAccessorImpl.invoke(NativeMethodAccessorImpl.java:57)
	at sun.reflect.DelegatingMethodAccessorImpl.invoke(DelegatingMethodAccessorImpl.java:43)
	at java.lang.reflect.Method.invoke(Method.java:606)
	at com.intellij.rt.execution.application.AppMain.main(AppMain.java:140)
</pre></div></td>
<td>45</td>
<td>myobject.Incident@213e2c</td></tr>
<tr>
<td title='myobject.Object.testDelete()'><b>testDelete</b><br>Test class: myobject.Object</td>
<td><div><pre>java.lang.AssertionError: null
	at Base.MOWebdriver.messageResultOfOperation(SeleniumWebdriver.java:210)
	at myobject.Object.testDelete(myobject.Object.java:219)
	at com.intellij.rt.execution.application.AppMain.main(AppMain.java:140)
... Removed 31 stack frames</pre></div><a href='#' onClick='toggleBox("stack-trace28186641", this, "Click to show all stack frames", "Click to hide stack frames")'>Click to show all stack frames</a>
<div class='stack-trace' id='stack-trace28186641'><pre>java.lang.AssertionError: null
	at org.testng.Assert.fail(Assert.java:94)
	at org.testng.Assert.fail(Assert.java:101)
	at Base.MOWebdriver.messageResultOfOperation(SeleniumWebdriver.java:210)
	at myobject.Object.testDelete(myobject.Object.java:219)
	at sun.reflect.NativeMethodAccessorImpl.invoke0(Native Method)
	at sun.reflect.NativeMethodAccessorImpl.invoke(NativeMethodAccessorImpl.java:57)
	at sun.reflect.DelegatingMethodAccessorImpl.invoke(DelegatingMethodAccessorImpl.java:43)
	at java.lang.reflect.Method.invoke(Method.java:606)
	at org.testng.internal.MethodInvocationHelper.invokeMethod(MethodInvocationHelper.java:84)
	at org.testng.internal.Invoker.invokeMethod(Invoker.java:714)
	at org.testng.internal.Invoker.invokeTestMethod(Invoker.java:901)
	at org.testng.internal.Invoker.invokeTestMethods(Invoker.java:1231)
	at org.testng.internal.TestMethodWorker.invokeTestMethods(TestMethodWorker.java:127)
	at org.testng.internal.TestMethodWorker.run(TestMethodWorker.java:111)
	at org.testng.TestRunner.privateRun(TestRunner.java:767)
	at org.testng.TestRunner.run(TestRunner.java:617)
	at org.testng.SuiteRunner.runTest(SuiteRunner.java:348)
	at org.testng.SuiteRunner.runSequentially(SuiteRunner.java:343)
	at org.testng.SuiteRunner.privateRun(SuiteRunner.java:305)
	at org.testng.SuiteRunner.run(SuiteRunner.java:254)
	at org.testng.SuiteRunnerWorker.runSuite(SuiteRunnerWorker.java:52)
	at org.testng.SuiteRunnerWorker.run(SuiteRunnerWorker.java:86)
	at org.testng.TestNG.runSuitesSequentially(TestNG.java:1224)
	at org.testng.TestNG.runSuitesLocally(TestNG.java:1149)
	at org.testng.TestNG.run(TestNG.java:1057)
	at org.testng.remote.RemoteTestNG.run(RemoteTestNG.java:111)
	at org.testng.remote.RemoteTestNG.initAndRun(RemoteTestNG.java:204)
	at org.testng.remote.RemoteTestNG.main(RemoteTestNG.java:175)
	at org.testng.RemoteTestNGStarter.main(RemoteTestNGStarter.java:125)
	at sun.reflect.NativeMethodAccessorImpl.invoke0(Native Method)
	at sun.reflect.NativeMethodAccessorImpl.invoke(NativeMethodAccessorImpl.java:57)
	at sun.reflect.DelegatingMethodAccessorImpl.invoke(DelegatingMethodAccessorImpl.java:43)
	at java.lang.reflect.Method.invoke(Method.java:606)
	at com.intellij.rt.execution.application.AppMain.main(AppMain.java:140)
</pre></div></td>
<td>17</td>
<td>myobject.Object@15609e1</td></tr>
<tr>
<td title='myobject.TechnicalDevice.testDelete()'><b>testDelete</b><br>Test class: myobject.TechnicalDevice</td>
<td><div><pre>java.lang.AssertionError: Время ожидания элемента {By.xpath: //div[@id=&quot;workspace&quot;]//div[@id=&quot;grid-rows&quot; or @class=&quot;grid-rows&quot;]/div[@class]} истекло.
	at Base.MOWebdriver.waitForElementPresent(SeleniumWebdriver.java:95)
	at Base.MOWebdriver.selectRow(SeleniumWebdriver.java:515)
	at myobject.TechnicalDevice.testDelete(myobject.TechnicalDevice.java:252)
	at com.intellij.rt.execution.application.AppMain.main(AppMain.java:140)
... Removed 30 stack frames</pre></div><a href='#' onClick='toggleBox("stack-trace11583700", this, "Click to show all stack frames", "Click to hide stack frames")'>Click to show all stack frames</a>
<div class='stack-trace' id='stack-trace11583700'><pre>java.lang.AssertionError: Время ожидания элемента {By.xpath: //div[@id=&quot;workspace&quot;]//div[@id=&quot;grid-rows&quot; or @class=&quot;grid-rows&quot;]/div[@class]} истекло.
	at org.testng.Assert.fail(Assert.java:94)
	at Base.MOWebdriver.waitForElementPresent(SeleniumWebdriver.java:95)
	at Base.MOWebdriver.selectRow(SeleniumWebdriver.java:515)
	at myobject.TechnicalDevice.testDelete(myobject.TechnicalDevice.java:252)
	at sun.reflect.NativeMethodAccessorImpl.invoke0(Native Method)
	at sun.reflect.NativeMethodAccessorImpl.invoke(NativeMethodAccessorImpl.java:57)
	at sun.reflect.DelegatingMethodAccessorImpl.invoke(DelegatingMethodAccessorImpl.java:43)
	at java.lang.reflect.Method.invoke(Method.java:606)
	at org.testng.internal.MethodInvocationHelper.invokeMethod(MethodInvocationHelper.java:84)
	at org.testng.internal.Invoker.invokeMethod(Invoker.java:714)
	at org.testng.internal.Invoker.invokeTestMethod(Invoker.java:901)
	at org.testng.internal.Invoker.invokeTestMethods(Invoker.java:1231)
	at org.testng.internal.TestMethodWorker.invokeTestMethods(TestMethodWorker.java:127)
	at org.testng.internal.TestMethodWorker.run(TestMethodWorker.java:111)
	at org.testng.TestRunner.privateRun(TestRunner.java:767)
	at org.testng.TestRunner.run(TestRunner.java:617)
	at org.testng.SuiteRunner.runTest(SuiteRunner.java:348)
	at org.testng.SuiteRunner.runSequentially(SuiteRunner.java:343)
	at org.testng.SuiteRunner.privateRun(SuiteRunner.java:305)
	at org.testng.SuiteRunner.run(SuiteRunner.java:254)
	at org.testng.SuiteRunnerWorker.runSuite(SuiteRunnerWorker.java:52)
	at org.testng.SuiteRunnerWorker.run(SuiteRunnerWorker.java:86)
	at org.testng.TestNG.runSuitesSequentially(TestNG.java:1224)
	at org.testng.TestNG.runSuitesLocally(TestNG.java:1149)
	at org.testng.TestNG.run(TestNG.java:1057)
	at org.testng.remote.RemoteTestNG.run(RemoteTestNG.java:111)
	at org.testng.remote.RemoteTestNG.initAndRun(RemoteTestNG.java:204)
	at org.testng.remote.RemoteTestNG.main(RemoteTestNG.java:175)
	at org.testng.RemoteTestNGStarter.main(RemoteTestNGStarter.java:125)
	at sun.reflect.NativeMethodAccessorImpl.invoke0(Native Method)
	at sun.reflect.NativeMethodAccessorImpl.invoke(NativeMethodAccessorImpl.java:57)
	at sun.reflect.DelegatingMethodAccessorImpl.invoke(DelegatingMethodAccessorImpl.java:43)
	at java.lang.reflect.Method.invoke(Method.java:606)
	at com.intellij.rt.execution.application.AppMain.main(AppMain.java:140)
</pre></div></td>
<td>40</td>
<td>myobject.TechnicalDevice@a614c</td></tr>
<tr>
<td title='myobject.DangerSubstance.testDeleteForeign500m()'><b>testDeleteForeign500m</b><br>Test class: myobject.DangerSubstance</td>
<td><div><pre>java.lang.AssertionError: Unable to locate element: {&quot;method&quot;:&quot;xpath&quot;,&quot;selector&quot;:&quot;//div[@id=\&quot;workspace\&quot; or @class=\&quot;workspace\&quot;]//following-sibling::node()//descendant-or-self::*[contains(normalize-space(label),\&quot;Характеристика опасного вещества\&quot;) or contains(normalize-space(span),\&quot;Характеристика опасного вещества\&quot;)]//descendant-or-self::input[1]&quot;}
Command duration or timeout: 30.16 seconds
For documentation on this error, please visit: http://seleniumhq.org/exceptions/no_such_element.html
Build info: version: &apos;2.45.0&apos;, revision: &apos;5017cb8e7ca8e37638dc3091b2440b90a1d8686f&apos;, time: &apos;2015-02-27 09:10:26&apos;
System info: host: &apos;natalia-All-Series&apos;, ip: &apos;127.0.1.1&apos;, os.name: &apos;Linux&apos;, os.arch: &apos;i386&apos;, os.version: &apos;3.13.0-37-generic&apos;, java.version: &apos;1.7.0_65&apos;
*** myobject.Element info: {Using=xpath, value=//div[@id=&quot;workspace&quot; or @class=&quot;workspace&quot;]//following-sibling::node()//descendant-or-self::*[contains(normalize-space(label),&quot;Характеристика опасного вещества&quot;) or contains(normalize-space(span),&quot;Характеристика опасного вещества&quot;)]//descendant-or-self::input[1]}
Session ID: 2b2cf8e1-e23e-4241-a939-0bd600d6e35a
Driver info: org.openqa.selenium.firefox.FirefoxDriver
Capabilities [{platform=LINUX, acceptSslCerts=true, javascriptEnabled=true, cssSelectorsEnabled=true, databaseEnabled=true, browserName=firefox, handlesAlerts=true, nativeEvents=false, webStorageEnabled=true, rotatable=false, locationContextEnabled=true, applicationCacheEnabled=true, takesScreenshot=true, version=34.0}] Элемент для возвращения значения не найден или задан некорректно!
Скриншот:/home/natalia/IdeaProjects/TestsMyObject/src/test/screenshots/fails/fail_2015.05.19_12:14:30.png
	at Base.MOWebdriver.getValue(SeleniumWebdriver.java:627)
	at myobject.DangerSubstance.testDeleteForeign500m(myobject.DangerSubstance.java:247)
	at com.intellij.rt.execution.application.AppMain.main(AppMain.java:140)
... Removed 30 stack frames</pre></div><a href='#' onClick='toggleBox("stack-trace17495870", this, "Click to show all stack frames", "Click to hide stack frames")'>Click to show all stack frames</a>
<div class='stack-trace' id='stack-trace17495870'><pre>java.lang.AssertionError: Unable to locate element: {&quot;method&quot;:&quot;xpath&quot;,&quot;selector&quot;:&quot;//div[@id=\&quot;workspace\&quot; or @class=\&quot;workspace\&quot;]//following-sibling::node()//descendant-or-self::*[contains(normalize-space(label),\&quot;Характеристика опасного вещества\&quot;) or contains(normalize-space(span),\&quot;Характеристика опасного вещества\&quot;)]//descendant-or-self::input[1]&quot;}
Command duration or timeout: 30.16 seconds
For documentation on this error, please visit: http://seleniumhq.org/exceptions/no_such_element.html
Build info: version: &apos;2.45.0&apos;, revision: &apos;5017cb8e7ca8e37638dc3091b2440b90a1d8686f&apos;, time: &apos;2015-02-27 09:10:26&apos;
System info: host: &apos;natalia-All-Series&apos;, ip: &apos;127.0.1.1&apos;, os.name: &apos;Linux&apos;, os.arch: &apos;i386&apos;, os.version: &apos;3.13.0-37-generic&apos;, java.version: &apos;1.7.0_65&apos;
*** myobject.Element info: {Using=xpath, value=//div[@id=&quot;workspace&quot; or @class=&quot;workspace&quot;]//following-sibling::node()//descendant-or-self::*[contains(normalize-space(label),&quot;Характеристика опасного вещества&quot;) or contains(normalize-space(span),&quot;Характеристика опасного вещества&quot;)]//descendant-or-self::input[1]}
Session ID: 2b2cf8e1-e23e-4241-a939-0bd600d6e35a
Driver info: org.openqa.selenium.firefox.FirefoxDriver
Capabilities [{platform=LINUX, acceptSslCerts=true, javascriptEnabled=true, cssSelectorsEnabled=true, databaseEnabled=true, browserName=firefox, handlesAlerts=true, nativeEvents=false, webStorageEnabled=true, rotatable=false, locationContextEnabled=true, applicationCacheEnabled=true, takesScreenshot=true, version=34.0}] Элемент для возвращения значения не найден или задан некорректно!
Скриншот:/home/natalia/IdeaProjects/TestsMyObject/src/test/screenshots/fails/fail_2015.05.19_12:14:30.png
	at org.testng.Assert.fail(Assert.java:94)
	at Base.MOWebdriver.getValue(SeleniumWebdriver.java:627)
	at myobject.DangerSubstance.testDeleteForeign500m(myobject.DangerSubstance.java:247)
	at sun.reflect.NativeMethodAccessorImpl.invoke0(Native Method)
	at sun.reflect.NativeMethodAccessorImpl.invoke(NativeMethodAccessorImpl.java:57)
	at sun.reflect.DelegatingMethodAccessorImpl.invoke(DelegatingMethodAccessorImpl.java:43)
	at java.lang.reflect.Method.invoke(Method.java:606)
	at org.testng.internal.MethodInvocationHelper.invokeMethod(MethodInvocationHelper.java:84)
	at org.testng.internal.Invoker.invokeMethod(Invoker.java:714)
	at org.testng.internal.Invoker.invokeTestMethod(Invoker.java:901)
	at org.testng.internal.Invoker.invokeTestMethods(Invoker.java:1231)
	at org.testng.internal.TestMethodWorker.invokeTestMethods(TestMethodWorker.java:127)
	at org.testng.internal.TestMethodWorker.run(TestMethodWorker.java:111)
	at org.testng.TestRunner.privateRun(TestRunner.java:767)
	at org.testng.TestRunner.run(TestRunner.java:617)
	at org.testng.SuiteRunner.runTest(SuiteRunner.java:348)
	at org.testng.SuiteRunner.runSequentially(SuiteRunner.java:343)
	at org.testng.SuiteRunner.privateRun(SuiteRunner.java:305)
	at org.testng.SuiteRunner.run(SuiteRunner.java:254)
	at org.testng.SuiteRunnerWorker.runSuite(SuiteRunnerWorker.java:52)
	at org.testng.SuiteRunnerWorker.run(SuiteRunnerWorker.java:86)
	at org.testng.TestNG.runSuitesSequentially(TestNG.java:1224)
	at org.testng.TestNG.runSuitesLocally(TestNG.java:1149)
	at org.testng.TestNG.run(TestNG.java:1057)
	at org.testng.remote.RemoteTestNG.run(RemoteTestNG.java:111)
	at org.testng.remote.RemoteTestNG.initAndRun(RemoteTestNG.java:204)
	at org.testng.remote.RemoteTestNG.main(RemoteTestNG.java:175)
	at org.testng.RemoteTestNGStarter.main(RemoteTestNGStarter.java:125)
	at sun.reflect.NativeMethodAccessorImpl.invoke0(Native Method)
	at sun.reflect.NativeMethodAccessorImpl.invoke(NativeMethodAccessorImpl.java:57)
	at sun.reflect.DelegatingMethodAccessorImpl.invoke(DelegatingMethodAccessorImpl.java:43)
	at java.lang.reflect.Method.invoke(Method.java:606)
	at com.intellij.rt.execution.application.AppMain.main(AppMain.java:140)
</pre></div></td>
<td>46</td>
<td>myobject.DangerSubstance@887276</td></tr>
<tr>
<td title='myobject.DangerSubstance.testDeletebyObject()'><b>testDeletebyObject</b><br>Test class: myobject.DangerSubstance</td>
<td><div><pre>java.lang.AssertionError: Время ожидания элемента {By.xpath: //div[@id=&quot;workspace&quot;]//div[@id=&quot;grid-rows&quot; or @class=&quot;grid-rows&quot;]/div[@class]} истекло.
	at Base.MOWebdriver.waitForElementPresent(SeleniumWebdriver.java:95)
	at Base.MOWebdriver.selectRow(SeleniumWebdriver.java:515)
	at myobject.DangerSubstance.testDeletebyObject(myobject.DangerSubstance.java:194)
	at com.intellij.rt.execution.application.AppMain.main(AppMain.java:140)
... Removed 30 stack frames</pre></div><a href='#' onClick='toggleBox("stack-trace18081734", this, "Click to show all stack frames", "Click to hide stack frames")'>Click to show all stack frames</a>
<div class='stack-trace' id='stack-trace18081734'><pre>java.lang.AssertionError: Время ожидания элемента {By.xpath: //div[@id=&quot;workspace&quot;]//div[@id=&quot;grid-rows&quot; or @class=&quot;grid-rows&quot;]/div[@class]} истекло.
	at org.testng.Assert.fail(Assert.java:94)
	at Base.MOWebdriver.waitForElementPresent(SeleniumWebdriver.java:95)
	at Base.MOWebdriver.selectRow(SeleniumWebdriver.java:515)
	at myobject.DangerSubstance.testDeletebyObject(myobject.DangerSubstance.java:194)
	at sun.reflect.NativeMethodAccessorImpl.invoke0(Native Method)
	at sun.reflect.NativeMethodAccessorImpl.invoke(NativeMethodAccessorImpl.java:57)
	at sun.reflect.DelegatingMethodAccessorImpl.invoke(DelegatingMethodAccessorImpl.java:43)
	at java.lang.reflect.Method.invoke(Method.java:606)
	at org.testng.internal.MethodInvocationHelper.invokeMethod(MethodInvocationHelper.java:84)
	at org.testng.internal.Invoker.invokeMethod(Invoker.java:714)
	at org.testng.internal.Invoker.invokeTestMethod(Invoker.java:901)
	at org.testng.internal.Invoker.invokeTestMethods(Invoker.java:1231)
	at org.testng.internal.TestMethodWorker.invokeTestMethods(TestMethodWorker.java:127)
	at org.testng.internal.TestMethodWorker.run(TestMethodWorker.java:111)
	at org.testng.TestRunner.privateRun(TestRunner.java:767)
	at org.testng.TestRunner.run(TestRunner.java:617)
	at org.testng.SuiteRunner.runTest(SuiteRunner.java:348)
	at org.testng.SuiteRunner.runSequentially(SuiteRunner.java:343)
	at org.testng.SuiteRunner.privateRun(SuiteRunner.java:305)
	at org.testng.SuiteRunner.run(SuiteRunner.java:254)
	at org.testng.SuiteRunnerWorker.runSuite(SuiteRunnerWorker.java:52)
	at org.testng.SuiteRunnerWorker.run(SuiteRunnerWorker.java:86)
	at org.testng.TestNG.runSuitesSequentially(TestNG.java:1224)
	at org.testng.TestNG.runSuitesLocally(TestNG.java:1149)
	at org.testng.TestNG.run(TestNG.java:1057)
	at org.testng.remote.RemoteTestNG.run(RemoteTestNG.java:111)
	at org.testng.remote.RemoteTestNG.initAndRun(RemoteTestNG.java:204)
	at org.testng.remote.RemoteTestNG.main(RemoteTestNG.java:175)
	at org.testng.RemoteTestNGStarter.main(RemoteTestNGStarter.java:125)
	at sun.reflect.NativeMethodAccessorImpl.invoke0(Native Method)
	at sun.reflect.NativeMethodAccessorImpl.invoke(NativeMethodAccessorImpl.java:57)
	at sun.reflect.DelegatingMethodAccessorImpl.invoke(DelegatingMethodAccessorImpl.java:43)
	at java.lang.reflect.Method.invoke(Method.java:606)
	at com.intellij.rt.execution.application.AppMain.main(AppMain.java:140)
</pre></div></td>
<td>47</td>
<td>myobject.DangerSubstance@887276</td></tr>
<tr>
<td title='myobject.DangerSubstance.testDeletebyTD()'><b>testDeletebyTD</b><br>Test class: myobject.DangerSubstance</td>
<td><div><pre>java.lang.AssertionError: Время ожидания элемента {By.xpath: //div[@id=&quot;workspace&quot;]//div[@id=&quot;grid-rows&quot; or @class=&quot;grid-rows&quot;]/div[@class]} истекло.
	at Base.MOWebdriver.waitForElementPresent(SeleniumWebdriver.java:95)
	at Base.MOWebdriver.selectRow(SeleniumWebdriver.java:515)
	at myobject.DangerSubstance.testDeletebyTD(myobject.DangerSubstance.java:222)
	at com.intellij.rt.execution.application.AppMain.main(AppMain.java:140)
... Removed 30 stack frames</pre></div><a href='#' onClick='toggleBox("stack-trace25849153", this, "Click to show all stack frames", "Click to hide stack frames")'>Click to show all stack frames</a>
<div class='stack-trace' id='stack-trace25849153'><pre>java.lang.AssertionError: Время ожидания элемента {By.xpath: //div[@id=&quot;workspace&quot;]//div[@id=&quot;grid-rows&quot; or @class=&quot;grid-rows&quot;]/div[@class]} истекло.
	at org.testng.Assert.fail(Assert.java:94)
	at Base.MOWebdriver.waitForElementPresent(SeleniumWebdriver.java:95)
	at Base.MOWebdriver.selectRow(SeleniumWebdriver.java:515)
	at myobject.DangerSubstance.testDeletebyTD(myobject.DangerSubstance.java:222)
	at sun.reflect.NativeMethodAccessorImpl.invoke0(Native Method)
	at sun.reflect.NativeMethodAccessorImpl.invoke(NativeMethodAccessorImpl.java:57)
	at sun.reflect.DelegatingMethodAccessorImpl.invoke(DelegatingMethodAccessorImpl.java:43)
	at java.lang.reflect.Method.invoke(Method.java:606)
	at org.testng.internal.MethodInvocationHelper.invokeMethod(MethodInvocationHelper.java:84)
	at org.testng.internal.Invoker.invokeMethod(Invoker.java:714)
	at org.testng.internal.Invoker.invokeTestMethod(Invoker.java:901)
	at org.testng.internal.Invoker.invokeTestMethods(Invoker.java:1231)
	at org.testng.internal.TestMethodWorker.invokeTestMethods(TestMethodWorker.java:127)
	at org.testng.internal.TestMethodWorker.run(TestMethodWorker.java:111)
	at org.testng.TestRunner.privateRun(TestRunner.java:767)
	at org.testng.TestRunner.run(TestRunner.java:617)
	at org.testng.SuiteRunner.runTest(SuiteRunner.java:348)
	at org.testng.SuiteRunner.runSequentially(SuiteRunner.java:343)
	at org.testng.SuiteRunner.privateRun(SuiteRunner.java:305)
	at org.testng.SuiteRunner.run(SuiteRunner.java:254)
	at org.testng.SuiteRunnerWorker.runSuite(SuiteRunnerWorker.java:52)
	at org.testng.SuiteRunnerWorker.run(SuiteRunnerWorker.java:86)
	at org.testng.TestNG.runSuitesSequentially(TestNG.java:1224)
	at org.testng.TestNG.runSuitesLocally(TestNG.java:1149)
	at org.testng.TestNG.run(TestNG.java:1057)
	at org.testng.remote.RemoteTestNG.run(RemoteTestNG.java:111)
	at org.testng.remote.RemoteTestNG.initAndRun(RemoteTestNG.java:204)
	at org.testng.remote.RemoteTestNG.main(RemoteTestNG.java:175)
	at org.testng.RemoteTestNGStarter.main(RemoteTestNGStarter.java:125)
	at sun.reflect.NativeMethodAccessorImpl.invoke0(Native Method)
	at sun.reflect.NativeMethodAccessorImpl.invoke(NativeMethodAccessorImpl.java:57)
	at sun.reflect.DelegatingMethodAccessorImpl.invoke(DelegatingMethodAccessorImpl.java:43)
	at java.lang.reflect.Method.invoke(Method.java:606)
	at com.intellij.rt.execution.application.AppMain.main(AppMain.java:140)
</pre></div></td>
<td>47</td>
<td>myobject.DangerSubstance@887276</td></tr>
</table><p>
</body>
</html>