<?xml version="1.0" encoding="UTF-8"?>
<!-- Generated by org.testng.reporters.JUnitXMLReporter -->
<testsuite hostname="natalia-All-Series" tests="3" failures="1" timestamp="15 Apr 2015 06:42:11 GMT" time="73.032" errors="0">
  <testcase name="testAdd" time="51.2" classname="Object">
    <failure type="org.openqa.selenium.ElementNotVisibleException" message="Element is not currently visible and so may not be interacted with
Command duration or timeout: 10.04 seconds
Build info: version: &amp;apos;2.45.0&amp;apos;, revision: &amp;apos;5017cb8e7ca8e37638dc3091b2440b90a1d8686f&amp;apos;, time: &amp;apos;2015-02-27 09:10:26&amp;apos;
System info: host: &amp;apos;natalia-All-Series&amp;apos;, ip: &amp;apos;127.0.1.1&amp;apos;, os.name: &amp;apos;Linux&amp;apos;, os.arch: &amp;apos;i386&amp;apos;, os.version: &amp;apos;3.13.0-37-generic&amp;apos;, java.version: &amp;apos;1.7.0_72&amp;apos;
Session ID: 80e534a3-1d7f-4fc8-8989-12cc4a4e45fb
Driver info: org.openqa.selenium.firefox.FirefoxDriver
Capabilities [{platform=LINUX, acceptSslCerts=true, javascriptEnabled=true, cssSelectorsEnabled=true, databaseEnabled=true, browserName=firefox, handlesAlerts=true, nativeEvents=false, webStorageEnabled=true, rotatable=false, locationContextEnabled=true, applicationCacheEnabled=true, takesScreenshot=true, version=34.0}]">
      <![CDATA[org.openqa.selenium.ElementNotVisibleException: Element is not currently visible and so may not be interacted with
Command duration or timeout: 10.04 seconds
Build info: version: '2.45.0', revision: '5017cb8e7ca8e37638dc3091b2440b90a1d8686f', time: '2015-02-27 09:10:26'
System info: host: 'natalia-All-Series', ip: '127.0.1.1', os.name: 'Linux', os.arch: 'i386', os.version: '3.13.0-37-generic', java.version: '1.7.0_72'
Session ID: 80e534a3-1d7f-4fc8-8989-12cc4a4e45fb
Driver info: org.openqa.selenium.firefox.FirefoxDriver
Capabilities [{platform=LINUX, acceptSslCerts=true, javascriptEnabled=true, cssSelectorsEnabled=true, databaseEnabled=true, browserName=firefox, handlesAlerts=true, nativeEvents=false, webStorageEnabled=true, rotatable=false, locationContextEnabled=true, applicationCacheEnabled=true, takesScreenshot=true, version=34.0}]
	at org.openqa.selenium.remote.ErrorHandler.createThrowable(ErrorHandler.java:204)
	at org.openqa.selenium.remote.ErrorHandler.throwIfResponseFailed(ErrorHandler.java:156)
	at org.openqa.selenium.remote.RemoteWebDriver.execute(RemoteWebDriver.java:599)
	at org.openqa.selenium.remote.RemoteWebElement.execute(RemoteWebElement.java:268)
	at org.openqa.selenium.remote.RemoteWebElement.click(RemoteWebElement.java:79)
	at org.openqa.selenium.support.events.EventFiringWebDriver$EventFiringWebElement$1.invoke(EventFiringWebDriver.java:331)
	at com.sun.proxy.$Proxy7.click(Unknown Source)
	at org.openqa.selenium.support.events.EventFiringWebDriver$EventFiringWebElement.click(EventFiringWebDriver.java:344)
	at org.openqa.selenium.support.ui.Select.setSelected(Select.java:325)
	at org.openqa.selenium.support.ui.Select.selectByVisibleText(Select.java:118)
	at TestBase.setDate(TestBase.java:165)
	at TestBase.setData(TestBase.java:532)
	at TestBase.date(TestBase.java:336)
	at Object.testAdd(Object.java:47)
Caused by: org.openqa.selenium.ElementNotVisibleException: Element is not currently visible and so may not be interacted with
Build info: version: '2.45.0', revision: '5017cb8e7ca8e37638dc3091b2440b90a1d8686f', time: '2015-02-27 09:10:26'
System info: host: 'natalia-All-Series', ip: '127.0.1.1', os.name: 'Linux', os.arch: 'i386', os.version: '3.13.0-37-generic', java.version: '1.7.0_72'
Driver info: driver.version: unknown
	at <anonymous class>.fxdriver.preconditions.visible(file:///tmp/anonymous6663294848685477045webdriver-profile/extensions/fxdriver@googlecode.com/components/command-processor.js:9587)
	at <anonymous class>.DelayedCommand.prototype.checkPreconditions_(file:///tmp/anonymous6663294848685477045webdriver-profile/extensions/fxdriver@googlecode.com/components/command-processor.js:12257)
	at <anonymous class>.DelayedCommand.prototype.executeInternal_/h(file:///tmp/anonymous6663294848685477045webdriver-profile/extensions/fxdriver@googlecode.com/components/command-processor.js:12274)
	at <anonymous class>.fxdriver.Timer.prototype.setTimeout/<.notify(file:///tmp/anonymous6663294848685477045webdriver-profile/extensions/fxdriver@googlecode.com/components/command-processor.js:603)
... Removed 34 stack frames]]>
    </failure>
  </testcase> <!-- testAdd -->
  <testcase name="testEdit" time="0.0" classname="Object">
    <skipped/>
  </testcase> <!-- testEdit -->
  <testcase name="testDelete" time="0.0" classname="Object">
    <skipped/>
  </testcase> <!-- testDelete -->
</testsuite>
