<html>
<head>
<title>TestNG:  Документ</title>
<link href="../testng.css" rel="stylesheet" type="text/css" />
<link href="../my-testng.css" rel="stylesheet" type="text/css" />

<style type="text/css">
.log { display: none;} 
.stack-trace { display: none;} 
</style>
<script type="text/javascript">
<!--
function flip(e) {
  current = e.style.display;
  if (current == 'block') {
    e.style.display = 'none';
    return 0;
  }
  else {
    e.style.display = 'block';
    return 1;
  }
}

function toggleBox(szDivId, elem, msg1, msg2)
{
  var res = -1;  if (document.getElementById) {
    res = flip(document.getElementById(szDivId));
  }
  else if (document.all) {
    // this is the way old msie versions work
    res = flip(document.all[szDivId]);
  }
  if(elem) {
    if(res == 0) elem.innerHTML = msg1; else elem.innerHTML = msg2;
  }

}

function toggleAllBoxes() {
  if (document.getElementsByTagName) {
    d = document.getElementsByTagName('div');
    for (i = 0; i < d.length; i++) {
      if (d[i].className == 'log') {
        flip(d[i]);
      }
    }
  }
}

// -->
</script>

</head>
<body>
<h2 align='center'>Документ</h2><table border='1' align="center">
<tr>
<td>Tests passed/Failed/Skipped:</td><td>23/3/0</td>
</tr><tr>
<td>Started on:</td><td>Wed Oct 14 14:52:19 MSK 2015</td>
</tr>
<tr><td>Total time:</td><td>1398 seconds (1398819 ms)</td>
</tr><tr>
<td>Included groups:</td><td></td>
</tr><tr>
<td>Excluded groups:</td><td></td>
</tr>
</table><p/>
<small><i>(Hover the method name to see the test class name)</i></small><p/>
<table width='100%' border='1' class='invocation-failed'>
<tr><td colspan='4' align='center'><b>FAILED TESTS</b></td></tr>
<tr><td><b>Test method</b></td>
<td width="30%"><b>Exception</b></td>
<td width="10%"><b>Time (seconds)</b></td>
<td><b>Instance</b></td>
</tr>
<tr>
<td title='myobject.Document.testAddCivilLiabilityCoverage()'><b>testAddCivilLiabilityCoverage</b><br>Test class: myobject.Document</td>
<td><div><pre>java.lang.AssertionError: Полис обязательного страхования гражданской ответственности не добавлен expected [14.10.2015_14-55-15] but found [25.09.2015_15-12-16]
	at myobject.Document.testAddCivilLiabilityCoverage(Document.java:351)
	at com.intellij.rt.execution.application.AppMain.main(AppMain.java:140)
... Removed 33 stack frames</pre></div><a href='#' onClick='toggleBox("stack-trace619497", this, "Click to show all stack frames", "Click to hide stack frames")'>Click to show all stack frames</a>
<div class='stack-trace' id='stack-trace619497'><pre>java.lang.AssertionError: Полис обязательного страхования гражданской ответственности не добавлен expected [14.10.2015_14-55-15] but found [25.09.2015_15-12-16]
	at org.testng.Assert.fail(Assert.java:94)
	at org.testng.Assert.failNotEquals(Assert.java:494)
	at org.testng.Assert.assertEquals(Assert.java:123)
	at org.testng.Assert.assertEquals(Assert.java:176)
	at myobject.Document.testAddCivilLiabilityCoverage(Document.java:351)
	at sun.reflect.NativeMethodAccessorImpl.invoke0(Native Method)
	at sun.reflect.NativeMethodAccessorImpl.invoke(NativeMethodAccessorImpl.java:57)
	at sun.reflect.DelegatingMethodAccessorImpl.invoke(DelegatingMethodAccessorImpl.java:43)
	at java.lang.reflect.Method.invoke(Method.java:606)
	at org.testng.internal.MethodInvocationHelper.invokeMethod(MethodInvocationHelper.java:84)
	at org.testng.internal.Invoker.invokeMethod(Invoker.java:714)
	at org.testng.internal.Invoker.invokeTestMethod(Invoker.java:901)
	at org.testng.internal.Invoker.invokeTestMethods(Invoker.java:1231)
	at org.testng.internal.TestMethodWorker.invokeTestMethods(TestMethodWorker.java:127)
	at org.testng.internal.TestMethodWorker.run(TestMethodWorker.java:111)
	at org.testng.TestRunner.privateRun(TestRunner.java:767)
	at org.testng.TestRunner.run(TestRunner.java:617)
	at org.testng.SuiteRunner.runTest(SuiteRunner.java:348)
	at org.testng.SuiteRunner.runSequentially(SuiteRunner.java:343)
	at org.testng.SuiteRunner.privateRun(SuiteRunner.java:305)
	at org.testng.SuiteRunner.run(SuiteRunner.java:254)
	at org.testng.SuiteRunnerWorker.runSuite(SuiteRunnerWorker.java:52)
	at org.testng.SuiteRunnerWorker.run(SuiteRunnerWorker.java:86)
	at org.testng.TestNG.runSuitesSequentially(TestNG.java:1224)
	at org.testng.TestNG.runSuitesLocally(TestNG.java:1149)
	at org.testng.TestNG.run(TestNG.java:1057)
	at org.testng.remote.RemoteTestNG.run(RemoteTestNG.java:111)
	at org.testng.remote.RemoteTestNG.initAndRun(RemoteTestNG.java:204)
	at org.testng.remote.RemoteTestNG.main(RemoteTestNG.java:175)
	at org.testng.RemoteTestNGStarter.main(RemoteTestNGStarter.java:125)
	at sun.reflect.NativeMethodAccessorImpl.invoke0(Native Method)
	at sun.reflect.NativeMethodAccessorImpl.invoke(NativeMethodAccessorImpl.java:57)
	at sun.reflect.DelegatingMethodAccessorImpl.invoke(DelegatingMethodAccessorImpl.java:43)
	at java.lang.reflect.Method.invoke(Method.java:606)
	at com.intellij.rt.execution.application.AppMain.main(AppMain.java:140)
</pre></div></td>
<td>62</td>
<td>myobject.Document@14812a6</td></tr>
<tr>
<td title='myobject.Document.testAddTechnicalInspectionAct()'><b>testAddTechnicalInspectionAct</b><br>Test class: myobject.Document</td>
<td><div><pre>java.lang.AssertionError: null
	at Base.MOWebdriver.messageResultOfOperation(MOWebdriver.java:222)
	at myobject.Document.testAddTechnicalInspectionAct(Document.java:474)
	at com.intellij.rt.execution.application.AppMain.main(AppMain.java:140)
... Removed 31 stack frames</pre></div><a href='#' onClick='toggleBox("stack-trace18542989", this, "Click to show all stack frames", "Click to hide stack frames")'>Click to show all stack frames</a>
<div class='stack-trace' id='stack-trace18542989'><pre>java.lang.AssertionError: null
	at org.testng.Assert.fail(Assert.java:94)
	at org.testng.Assert.fail(Assert.java:101)
	at Base.MOWebdriver.messageResultOfOperation(MOWebdriver.java:222)
	at myobject.Document.testAddTechnicalInspectionAct(Document.java:474)
	at sun.reflect.NativeMethodAccessorImpl.invoke0(Native Method)
	at sun.reflect.NativeMethodAccessorImpl.invoke(NativeMethodAccessorImpl.java:57)
	at sun.reflect.DelegatingMethodAccessorImpl.invoke(DelegatingMethodAccessorImpl.java:43)
	at java.lang.reflect.Method.invoke(Method.java:606)
	at org.testng.internal.MethodInvocationHelper.invokeMethod(MethodInvocationHelper.java:84)
	at org.testng.internal.Invoker.invokeMethod(Invoker.java:714)
	at org.testng.internal.Invoker.invokeTestMethod(Invoker.java:901)
	at org.testng.internal.Invoker.invokeTestMethods(Invoker.java:1231)
	at org.testng.internal.TestMethodWorker.invokeTestMethods(TestMethodWorker.java:127)
	at org.testng.internal.TestMethodWorker.run(TestMethodWorker.java:111)
	at org.testng.TestRunner.privateRun(TestRunner.java:767)
	at org.testng.TestRunner.run(TestRunner.java:617)
	at org.testng.SuiteRunner.runTest(SuiteRunner.java:348)
	at org.testng.SuiteRunner.runSequentially(SuiteRunner.java:343)
	at org.testng.SuiteRunner.privateRun(SuiteRunner.java:305)
	at org.testng.SuiteRunner.run(SuiteRunner.java:254)
	at org.testng.SuiteRunnerWorker.runSuite(SuiteRunnerWorker.java:52)
	at org.testng.SuiteRunnerWorker.run(SuiteRunnerWorker.java:86)
	at org.testng.TestNG.runSuitesSequentially(TestNG.java:1224)
	at org.testng.TestNG.runSuitesLocally(TestNG.java:1149)
	at org.testng.TestNG.run(TestNG.java:1057)
	at org.testng.remote.RemoteTestNG.run(RemoteTestNG.java:111)
	at org.testng.remote.RemoteTestNG.initAndRun(RemoteTestNG.java:204)
	at org.testng.remote.RemoteTestNG.main(RemoteTestNG.java:175)
	at org.testng.RemoteTestNGStarter.main(RemoteTestNGStarter.java:125)
	at sun.reflect.NativeMethodAccessorImpl.invoke0(Native Method)
	at sun.reflect.NativeMethodAccessorImpl.invoke(NativeMethodAccessorImpl.java:57)
	at sun.reflect.DelegatingMethodAccessorImpl.invoke(DelegatingMethodAccessorImpl.java:43)
	at java.lang.reflect.Method.invoke(Method.java:606)
	at com.intellij.rt.execution.application.AppMain.main(AppMain.java:140)
</pre></div></td>
<td>63</td>
<td>myobject.Document@14812a6</td></tr>
<tr>
<td title='myobject.Document.testEdit()'><b>testEdit</b><br>Test class: myobject.Document</td>
<td><div><pre>java.lang.AssertionError: Документ не изменен expected [14.10.2015_15-13-50] but found [14.10.2015_15-01-43]
	at myobject.Document.testEdit(Document.java:617)
	at com.intellij.rt.execution.application.AppMain.main(AppMain.java:140)
... Removed 33 stack frames</pre></div><a href='#' onClick='toggleBox("stack-trace13307486", this, "Click to show all stack frames", "Click to hide stack frames")'>Click to show all stack frames</a>
<div class='stack-trace' id='stack-trace13307486'><pre>java.lang.AssertionError: Документ не изменен expected [14.10.2015_15-13-50] but found [14.10.2015_15-01-43]
	at org.testng.Assert.fail(Assert.java:94)
	at org.testng.Assert.failNotEquals(Assert.java:494)
	at org.testng.Assert.assertEquals(Assert.java:123)
	at org.testng.Assert.assertEquals(Assert.java:176)
	at myobject.Document.testEdit(Document.java:617)
	at sun.reflect.NativeMethodAccessorImpl.invoke0(Native Method)
	at sun.reflect.NativeMethodAccessorImpl.invoke(NativeMethodAccessorImpl.java:57)
	at sun.reflect.DelegatingMethodAccessorImpl.invoke(DelegatingMethodAccessorImpl.java:43)
	at java.lang.reflect.Method.invoke(Method.java:606)
	at org.testng.internal.MethodInvocationHelper.invokeMethod(MethodInvocationHelper.java:84)
	at org.testng.internal.Invoker.invokeMethod(Invoker.java:714)
	at org.testng.internal.Invoker.invokeTestMethod(Invoker.java:901)
	at org.testng.internal.Invoker.invokeTestMethods(Invoker.java:1231)
	at org.testng.internal.TestMethodWorker.invokeTestMethods(TestMethodWorker.java:127)
	at org.testng.internal.TestMethodWorker.run(TestMethodWorker.java:111)
	at org.testng.TestRunner.privateRun(TestRunner.java:767)
	at org.testng.TestRunner.run(TestRunner.java:617)
	at org.testng.SuiteRunner.runTest(SuiteRunner.java:348)
	at org.testng.SuiteRunner.runSequentially(SuiteRunner.java:343)
	at org.testng.SuiteRunner.privateRun(SuiteRunner.java:305)
	at org.testng.SuiteRunner.run(SuiteRunner.java:254)
	at org.testng.SuiteRunnerWorker.runSuite(SuiteRunnerWorker.java:52)
	at org.testng.SuiteRunnerWorker.run(SuiteRunnerWorker.java:86)
	at org.testng.TestNG.runSuitesSequentially(TestNG.java:1224)
	at org.testng.TestNG.runSuitesLocally(TestNG.java:1149)
	at org.testng.TestNG.run(TestNG.java:1057)
	at org.testng.remote.RemoteTestNG.run(RemoteTestNG.java:111)
	at org.testng.remote.RemoteTestNG.initAndRun(RemoteTestNG.java:204)
	at org.testng.remote.RemoteTestNG.main(RemoteTestNG.java:175)
	at org.testng.RemoteTestNGStarter.main(RemoteTestNGStarter.java:125)
	at sun.reflect.NativeMethodAccessorImpl.invoke0(Native Method)
	at sun.reflect.NativeMethodAccessorImpl.invoke(NativeMethodAccessorImpl.java:57)
	at sun.reflect.DelegatingMethodAccessorImpl.invoke(DelegatingMethodAccessorImpl.java:43)
	at java.lang.reflect.Method.invoke(Method.java:606)
	at com.intellij.rt.execution.application.AppMain.main(AppMain.java:140)
</pre></div></td>
<td>95</td>
<td>myobject.Document@14812a6</td></tr>
</table><p>
<table width='100%' border='1' class='invocation-passed'>
<tr><td colspan='4' align='center'><b>PASSED TESTS</b></td></tr>
<tr><td><b>Test method</b></td>
<td width="30%"><b>Exception</b></td>
<td width="10%"><b>Time (seconds)</b></td>
<td><b>Instance</b></td>
</tr>
<tr>
<td title='myobject.Document.testAddBacTechnicalInspectionAct()'><b>testAddBacTechnicalInspectionAct</b><br>Test class: myobject.Document</td>
<td></td>
<td>76</td>
<td>myobject.Document@14812a6</td></tr>
<tr>
<td title='myobject.Document.testAddCertificateRegistrationObject()'><b>testAddCertificateRegistrationObject</b><br>Test class: myobject.Document</td>
<td></td>
<td>51</td>
<td>myobject.Document@14812a6</td></tr>
<tr>
<td title='myobject.Document.testAddConfirmingPrescriptions()'><b>testAddConfirmingPrescriptions</b><br>Test class: myobject.Document</td>
<td></td>
<td>61</td>
<td>myobject.Document@14812a6</td></tr>
<tr>
<td title='myobject.Document.testAddDefault()'><b>testAddDefault</b><br>Test class: myobject.Document</td>
<td></td>
<td>53</td>
<td>myobject.Document@14812a6</td></tr>
<tr>
<td title='myobject.Document.testAddDocumentationSUPB()'><b>testAddDocumentationSUPB</b><br>Test class: myobject.Document</td>
<td></td>
<td>51</td>
<td>myobject.Document@14812a6</td></tr>
<tr>
<td title='myobject.Document.testAddEmptyBacTechnicalInspectionAct()'><b>testAddEmptyBacTechnicalInspectionAct</b><br>Test class: myobject.Document</td>
<td></td>
<td>33</td>
<td>myobject.Document@14812a6</td></tr>
<tr>
<td title='myobject.Document.testAddEmptyCertificateRegistrationObject()'><b>testAddEmptyCertificateRegistrationObject</b><br>Test class: myobject.Document</td>
<td></td>
<td>22</td>
<td>myobject.Document@14812a6</td></tr>
<tr>
<td title='myobject.Document.testAddEmptyCivilLiabilityCoverage()'><b>testAddEmptyCivilLiabilityCoverage</b><br>Test class: myobject.Document</td>
<td></td>
<td>30</td>
<td>myobject.Document@14812a6</td></tr>
<tr>
<td title='myobject.Document.testAddEmptyConfirmingPrescriptions()'><b>testAddEmptyConfirmingPrescriptions</b><br>Test class: myobject.Document</td>
<td></td>
<td>29</td>
<td>myobject.Document@14812a6</td></tr>
<tr>
<td title='myobject.Document.testAddEmptyDefault()'><b>testAddEmptyDefault</b><br>Test class: myobject.Document</td>
<td></td>
<td>22</td>
<td>myobject.Document@14812a6</td></tr>
<tr>
<td title='myobject.Document.testAddEmptyDocumentationSUPB()'><b>testAddEmptyDocumentationSUPB</b><br>Test class: myobject.Document</td>
<td></td>
<td>24</td>
<td>myobject.Document@14812a6</td></tr>
<tr>
<td title='myobject.Document.testAddEmptyInspectionFinally()'><b>testAddEmptyInspectionFinally</b><br>Test class: myobject.Document</td>
<td></td>
<td>42</td>
<td>myobject.Document@14812a6</td></tr>
<tr>
<td title='myobject.Document.testAddEmptyPLA()'><b>testAddEmptyPLA</b><br>Test class: myobject.Document</td>
<td></td>
<td>31</td>
<td>myobject.Document@14812a6</td></tr>
<tr>
<td title='myobject.Document.testAddEmptyPrescription()'><b>testAddEmptyPrescription</b><br>Test class: myobject.Document</td>
<td></td>
<td>32</td>
<td>myobject.Document@14812a6</td></tr>
<tr>
<td title='myobject.Document.testAddEmptyTDCertificate()'><b>testAddEmptyTDCertificate</b><br>Test class: myobject.Document</td>
<td></td>
<td>41</td>
<td>myobject.Document@14812a6</td></tr>
<tr>
<td title='myobject.Document.testAddEmptyTDPermissive()'><b>testAddEmptyTDPermissive</b><br>Test class: myobject.Document</td>
<td></td>
<td>34</td>
<td>myobject.Document@14812a6</td></tr>
<tr>
<td title='myobject.Document.testAddEmptyTechnicalInspectionAct()'><b>testAddEmptyTechnicalInspectionAct</b><br>Test class: myobject.Document</td>
<td></td>
<td>37</td>
<td>myobject.Document@14812a6</td></tr>
<tr>
<td title='myobject.Document.testAddInspectionFinally()'><b>testAddInspectionFinally</b><br>Test class: myobject.Document</td>
<td></td>
<td>77</td>
<td>myobject.Document@14812a6</td></tr>
<tr>
<td title='myobject.Document.testAddPLA()'><b>testAddPLA</b><br>Test class: myobject.Document</td>
<td></td>
<td>69</td>
<td>myobject.Document@14812a6</td></tr>
<tr>
<td title='myobject.Document.testAddPermissive()'><b>testAddPermissive</b><br>Test class: myobject.Document</td>
<td></td>
<td>61</td>
<td>myobject.Document@14812a6</td></tr>
<tr>
<td title='myobject.Document.testAddPrescription()'><b>testAddPrescription</b><br>Test class: myobject.Document</td>
<td></td>
<td>67</td>
<td>myobject.Document@14812a6</td></tr>
<tr>
<td title='myobject.Document.testAddTDCertificate()'><b>testAddTDCertificate</b><br>Test class: myobject.Document</td>
<td></td>
<td>80</td>
<td>myobject.Document@14812a6</td></tr>
<tr>
<td title='myobject.Document.testDelete()'><b>testDelete</b><br>Test class: myobject.Document</td>
<td></td>
<td>26</td>
<td>myobject.Document@14812a6</td></tr>
</table><p>
</body>
</html>