<?xml version="1.0" encoding="UTF-8"?>
<!-- Generated by org.testng.reporters.JUnitXMLReporter -->
<testsuite hostname="natalia-All-Series" name="ЗиС" tests="6" failures="3" timestamp="21 Oct 2015 09:47:07 GMT" time="296.028" errors="0">
  <testcase name="testAdd" time="41.144" classname="myobject.BuildAndConstruction"/>
  <testcase name="testAddByObject" time="51.906" classname="myobject.BuildAndConstruction"/>
  <testcase name="testAddEmpty" time="27.963" classname="myobject.BuildAndConstruction">
    <failure type="java.lang.AssertionError" message="Есть обязательные поля, не подсвеченные как обязательные:
[Название ЗиС]
Скриншот:/home/natalia/IdeaProjects/TestsMyObject/src/test/screenshots/fails/fail_2015.10.21_12:45:04.png expected [true] but found [false]">
      <![CDATA[java.lang.AssertionError: Есть обязательные поля, не подсвеченные как обязательные:
[Название ЗиС]
Скриншот:/home/natalia/IdeaProjects/TestsMyObject/src/test/screenshots/fails/fail_2015.10.21_12:45:04.png expected [true] but found [false]
	at myobject.BuildAndConstruction.testAddEmpty(BuildAndConstruction.java:101)
	at com.intellij.rt.execution.application.AppMain.main(AppMain.java:140)
... Removed 32 stack frames]]>
    </failure>
  </testcase> <!-- testAddEmpty -->
  <testcase name="testEdit" time="52.782" classname="myobject.BuildAndConstruction">
    <failure type="java.lang.AssertionError" message="ЗиС не изменено expected [ТестИзменениеЗиСКодЗиС21.10.2015_12-45-25] but found [ТестСозданиеЗиСКод21.10.2015_12-43-59]">
      <![CDATA[java.lang.AssertionError: ЗиС не изменено expected [ТестИзменениеЗиСКодЗиС21.10.2015_12-45-25] but found [ТестСозданиеЗиСКод21.10.2015_12-43-59]
	at myobject.BuildAndConstruction.testEdit(BuildAndConstruction.java:128)
	at com.intellij.rt.execution.application.AppMain.main(AppMain.java:140)
... Removed 33 stack frames]]>
    </failure>
  </testcase> <!-- testEdit -->
  <testcase name="testEditEmpty" time="34.836" classname="myobject.BuildAndConstruction">
    <failure type="java.lang.AssertionError" message="Есть обязательные поля, не подсвеченные как обязательные:
[Название ЗиС]
Скриншот:/home/natalia/IdeaProjects/TestsMyObject/src/test/screenshots/fails/fail_2015.10.21_12:46:39.png expected [true] but found [false]">
      <![CDATA[java.lang.AssertionError: Есть обязательные поля, не подсвеченные как обязательные:
[Название ЗиС]
Скриншот:/home/natalia/IdeaProjects/TestsMyObject/src/test/screenshots/fails/fail_2015.10.21_12:46:39.png expected [true] but found [false]
	at myobject.BuildAndConstruction.testEditEmpty(BuildAndConstruction.java:150)
	at com.intellij.rt.execution.application.AppMain.main(AppMain.java:140)
... Removed 32 stack frames]]>
    </failure>
  </testcase> <!-- testEditEmpty -->
  <testcase name="testDelete" time="23.022" classname="myobject.BuildAndConstruction"/>
</testsuite> <!-- ЗиС -->
