<?xml version="1.0" encoding="UTF-8"?>
<!-- Generated by org.testng.reporters.JUnitXMLReporter -->
<testsuite hostname="natalia-All-Series" name="Инцидент" tests="7" failures="1" timestamp="14 Oct 2015 11:29:44 GMT" time="140.821" errors="0">
  <testcase name="@BeforeMethod setUpMethod" time="0.0" classname="myobject.Incident">
    <failure type="org.openqa.selenium.WebDriverException" message="unknown error: Element is not clickable at point (122, 393). Other element would receive the click: &amp;lt;div class=&amp;quot;overlay&amp;quot;&amp;gt;&amp;lt;/div&amp;gt;
  (Session info: chrome=39.0.2171.95)
  (Driver info: chromedriver=2.14.313457 (3d645c400edf2e2c500566c9aa096063e707c9cf),platform=Linux 3.13.0-63-generic x86) (WARNING: The server did not provide any stacktrace information)
Command duration or timeout: 33 milliseconds
Build info: version: &amp;apos;2.45.0&amp;apos;, revision: &amp;apos;5017cb8e7ca8e37638dc3091b2440b90a1d8686f&amp;apos;, time: &amp;apos;2015-02-27 09:10:26&amp;apos;
System info: host: &amp;apos;natalia-All-Series&amp;apos;, ip: &amp;apos;127.0.0.1&amp;apos;, os.name: &amp;apos;Linux&amp;apos;, os.arch: &amp;apos;i386&amp;apos;, os.version: &amp;apos;3.13.0-63-generic&amp;apos;, java.version: &amp;apos;1.7.0_65&amp;apos;
Session ID: 5854029ede8bc05bee275756f405fd6f
Driver info: org.openqa.selenium.chrome.ChromeDriver
Capabilities [{platform=LINUX, acceptSslCerts=true, javascriptEnabled=true, browserName=chrome, chrome={userDataDir=/tmp/.com.google.Chrome.HV56NH}, rotatable=false, locationContextEnabled=true, mobileEmulationEnabled=false, version=39.0.2171.95, takesHeapSnapshot=true, cssSelectorsEnabled=true, databaseEnabled=false, handlesAlerts=true, browserConnectionEnabled=false, webStorageEnabled=true, nativeEvents=true, applicationCacheEnabled=false, takesScreenshot=true}]">
      <![CDATA[org.openqa.selenium.WebDriverException: unknown error: Element is not clickable at point (122, 393). Other element would receive the click: <div class="overlay"></div>
  (Session info: chrome=39.0.2171.95)
  (Driver info: chromedriver=2.14.313457 (3d645c400edf2e2c500566c9aa096063e707c9cf),platform=Linux 3.13.0-63-generic x86) (WARNING: The server did not provide any stacktrace information)
Command duration or timeout: 33 milliseconds
Build info: version: '2.45.0', revision: '5017cb8e7ca8e37638dc3091b2440b90a1d8686f', time: '2015-02-27 09:10:26'
System info: host: 'natalia-All-Series', ip: '127.0.0.1', os.name: 'Linux', os.arch: 'i386', os.version: '3.13.0-63-generic', java.version: '1.7.0_65'
Session ID: 5854029ede8bc05bee275756f405fd6f
Driver info: org.openqa.selenium.chrome.ChromeDriver
Capabilities [{platform=LINUX, acceptSslCerts=true, javascriptEnabled=true, browserName=chrome, chrome={userDataDir=/tmp/.com.google.Chrome.HV56NH}, rotatable=false, locationContextEnabled=true, mobileEmulationEnabled=false, version=39.0.2171.95, takesHeapSnapshot=true, cssSelectorsEnabled=true, databaseEnabled=false, handlesAlerts=true, browserConnectionEnabled=false, webStorageEnabled=true, nativeEvents=true, applicationCacheEnabled=false, takesScreenshot=true}]
	at org.openqa.selenium.remote.ErrorHandler.createThrowable(ErrorHandler.java:204)
	at org.openqa.selenium.remote.ErrorHandler.throwIfResponseFailed(ErrorHandler.java:156)
	at org.openqa.selenium.remote.RemoteWebDriver.execute(RemoteWebDriver.java:599)
	at org.openqa.selenium.remote.RemoteWebElement.execute(RemoteWebElement.java:268)
	at org.openqa.selenium.remote.RemoteWebElement.click(RemoteWebElement.java:79)
	at org.openqa.selenium.support.events.EventFiringWebDriver$EventFiringWebElement$1.invoke(EventFiringWebDriver.java:331)
	at com.sun.proxy.$Proxy10.click(Unknown Source)
	at org.openqa.selenium.support.events.EventFiringWebDriver$EventFiringWebElement.click(EventFiringWebDriver.java:344)
	at Base.MOTestBase.goTo(MOTestBase.java:110)
	at Base.MOTestBase.setUpMethod(MOTestBase.java:36)
	at com.intellij.rt.execution.application.AppMain.main(AppMain.java:140)
... Removed 37 stack frames]]>
    </failure>
  </testcase> <!-- @BeforeMethod setUpMethod -->
  <testcase name="@BeforeMethod goToList" time="0.0" classname="myobject.Incident">
    <skipped/>
  </testcase> <!-- @BeforeMethod goToList -->
  <testcase name="@BeforeMethod setUpMethod" time="0.0" classname="myobject.Incident">
    <skipped/>
  </testcase> <!-- @BeforeMethod setUpMethod -->
  <testcase name="@BeforeMethod goToList" time="0.0" classname="myobject.Incident">
    <skipped/>
  </testcase> <!-- @BeforeMethod goToList -->
  <testcase name="@BeforeMethod setUpMethod" time="0.0" classname="myobject.Incident">
    <skipped/>
  </testcase> <!-- @BeforeMethod setUpMethod -->
  <testcase name="@BeforeMethod goToList" time="0.0" classname="myobject.Incident">
    <skipped/>
  </testcase> <!-- @BeforeMethod goToList -->
  <testcase name="@BeforeMethod setUpMethod" time="0.0" classname="myobject.Incident">
    <skipped/>
  </testcase> <!-- @BeforeMethod setUpMethod -->
  <testcase name="@BeforeMethod goToList" time="0.0" classname="myobject.Incident">
    <skipped/>
  </testcase> <!-- @BeforeMethod goToList -->
  <testcase name="@BeforeMethod setUpMethod" time="0.0" classname="myobject.Incident">
    <skipped/>
  </testcase> <!-- @BeforeMethod setUpMethod -->
  <testcase name="@BeforeMethod goToList" time="0.0" classname="myobject.Incident">
    <skipped/>
  </testcase> <!-- @BeforeMethod goToList -->
  <testcase name="@BeforeMethod setUpMethod" time="0.0" classname="myobject.Incident">
    <skipped/>
  </testcase> <!-- @BeforeMethod setUpMethod -->
  <testcase name="@BeforeMethod goToList" time="0.0" classname="myobject.Incident">
    <skipped/>
  </testcase> <!-- @BeforeMethod goToList -->
  <testcase name="testAdd" time="97.761" classname="myobject.Incident">
    <failure type="java.lang.AssertionError" message="Неверно задан индекс записи!
no such element
  (Session info: chrome=39.0.2171.95)
  (Driver info: chromedriver=2.14.313457 (3d645c400edf2e2c500566c9aa096063e707c9cf),platform=Linux 3.13.0-63-generic x86) (WARNING: The server did not provide any stacktrace information)
Command duration or timeout: 30.04 seconds
For documentation on this error, please visit: http://seleniumhq.org/exceptions/no_such_element.html
Build info: version: &amp;apos;2.45.0&amp;apos;, revision: &amp;apos;5017cb8e7ca8e37638dc3091b2440b90a1d8686f&amp;apos;, time: &amp;apos;2015-02-27 09:10:26&amp;apos;
System info: host: &amp;apos;natalia-All-Series&amp;apos;, ip: &amp;apos;127.0.0.1&amp;apos;, os.name: &amp;apos;Linux&amp;apos;, os.arch: &amp;apos;i386&amp;apos;, os.version: &amp;apos;3.13.0-63-generic&amp;apos;, java.version: &amp;apos;1.7.0_65&amp;apos;
*** Element info: {Using=xpath, value=//div[@id=&amp;quot;right-view&amp;quot;]//div[@id=&amp;quot;grid-rows&amp;quot; or @class=&amp;quot;grid-rows&amp;quot;]/div[2]}
Session ID: 5854029ede8bc05bee275756f405fd6f
Driver info: org.openqa.selenium.chrome.ChromeDriver
Capabilities [{platform=LINUX, acceptSslCerts=true, javascriptEnabled=true, browserName=chrome, chrome={userDataDir=/tmp/.com.google.Chrome.HV56NH}, rotatable=false, locationContextEnabled=true, mobileEmulationEnabled=false, version=39.0.2171.95, takesHeapSnapshot=true, cssSelectorsEnabled=true, databaseEnabled=false, handlesAlerts=true, browserConnectionEnabled=false, webStorageEnabled=true, nativeEvents=true, applicationCacheEnabled=false, takesScreenshot=true}]">
      <![CDATA[java.lang.AssertionError: Неверно задан индекс записи!
no such element
  (Session info: chrome=39.0.2171.95)
  (Driver info: chromedriver=2.14.313457 (3d645c400edf2e2c500566c9aa096063e707c9cf),platform=Linux 3.13.0-63-generic x86) (WARNING: The server did not provide any stacktrace information)
Command duration or timeout: 30.04 seconds
For documentation on this error, please visit: http://seleniumhq.org/exceptions/no_such_element.html
Build info: version: '2.45.0', revision: '5017cb8e7ca8e37638dc3091b2440b90a1d8686f', time: '2015-02-27 09:10:26'
System info: host: 'natalia-All-Series', ip: '127.0.0.1', os.name: 'Linux', os.arch: 'i386', os.version: '3.13.0-63-generic', java.version: '1.7.0_65'
*** Element info: {Using=xpath, value=//div[@id="right-view"]//div[@id="grid-rows" or @class="grid-rows"]/div[2]}
Session ID: 5854029ede8bc05bee275756f405fd6f
Driver info: org.openqa.selenium.chrome.ChromeDriver
Capabilities [{platform=LINUX, acceptSslCerts=true, javascriptEnabled=true, browserName=chrome, chrome={userDataDir=/tmp/.com.google.Chrome.HV56NH}, rotatable=false, locationContextEnabled=true, mobileEmulationEnabled=false, version=39.0.2171.95, takesHeapSnapshot=true, cssSelectorsEnabled=true, databaseEnabled=false, handlesAlerts=true, browserConnectionEnabled=false, webStorageEnabled=true, nativeEvents=true, applicationCacheEnabled=false, takesScreenshot=true}]
	at Base.MOWebdriver.select(MOWebdriver.java:493)
	at Base.MOWebdriver.select(MOWebdriver.java:516)
	at myobject.Incident.testAdd(Incident.java:62)
	at com.intellij.rt.execution.application.AppMain.main(AppMain.java:140)
... Removed 30 stack frames]]>
    </failure>
  </testcase> <!-- testAdd -->
  <testcase name="testAddEmpty" time="0.001" classname="myobject.Incident">
    <skipped/>
  </testcase> <!-- testAddEmpty -->
  <testcase name="testAddInvestigation" time="0.0" classname="myobject.Incident">
    <skipped/>
  </testcase> <!-- testAddInvestigation -->
  <testcase name="testAddResponsibleEmployee" time="0.0" classname="myobject.Incident">
    <skipped/>
  </testcase> <!-- testAddResponsibleEmployee -->
  <testcase name="testEdit" time="0.0" classname="myobject.Incident">
    <skipped/>
  </testcase> <!-- testEdit -->
  <testcase name="testEditEmpty" time="0.0" classname="myobject.Incident">
    <skipped/>
  </testcase> <!-- testEditEmpty -->
  <testcase name="testDelete" time="0.0" classname="myobject.Incident">
    <skipped/>
  </testcase> <!-- testDelete -->
</testsuite> <!-- Инцидент -->
