<?xml version="1.0" encoding="UTF-8"?>
<!-- Generated by org.testng.reporters.JUnitXMLReporter -->
<testsuite hostname="natalia-All-Series" name="Объект" tests="5" failures="5" timestamp="21 Oct 2015 08:55:13 GMT" time="559.454" errors="0">
  <testcase name="testAdd" time="137.307" classname="myobject.Object">
    <failure type="java.lang.AssertionError" message="Ошибка при проверке значения поля Наименование
org.openqa.selenium.NoSuchElementException: no such element
  (Session info: chrome=39.0.2171.95)
  (Driver info: chromedriver=2.14.313457 (3d645c400edf2e2c500566c9aa096063e707c9cf),platform=Linux 3.13.0-63-generic x86) (WARNING: The server did not provide any stacktrace information)
Command duration or timeout: 30.06 seconds
For documentation on this error, please visit: http://seleniumhq.org/exceptions/no_such_element.html
Build info: version: &amp;apos;2.45.0&amp;apos;, revision: &amp;apos;5017cb8e7ca8e37638dc3091b2440b90a1d8686f&amp;apos;, time: &amp;apos;2015-02-27 09:10:26&amp;apos;
System info: host: &amp;apos;natalia-All-Series&amp;apos;, ip: &amp;apos;127.0.0.1&amp;apos;, os.name: &amp;apos;Linux&amp;apos;, os.arch: &amp;apos;i386&amp;apos;, os.version: &amp;apos;3.13.0-63-generic&amp;apos;, java.version: &amp;apos;1.7.0_65&amp;apos;
*** Element info: {Using=xpath, value=//div[@id=&amp;quot;workspace&amp;quot; or @class=&amp;quot;workspace&amp;quot;]//node()[contains(text(),&amp;quot;Общая информация&amp;quot;)]/../following-sibling::node()//descendant-or-self::node()[contains(text(),&amp;quot;Наименование&amp;quot;)]/../following-sibling::div}
Session ID: 58bdde6ccdd3fae4702f5227ac22a153
Driver info: org.openqa.selenium.chrome.ChromeDriver
Capabilities [{platform=LINUX, acceptSslCerts=true, javascriptEnabled=true, browserName=chrome, chrome={userDataDir=/tmp/.com.google.Chrome.5pUg8h}, rotatable=false, locationContextEnabled=true, mobileEmulationEnabled=false, version=39.0.2171.95, takesHeapSnapshot=true, cssSelectorsEnabled=true, databaseEnabled=false, handlesAlerts=true, browserConnectionEnabled=false, webStorageEnabled=true, nativeEvents=true, applicationCacheEnabled=false, takesScreenshot=true}]">
      <![CDATA[java.lang.AssertionError: Ошибка при проверке значения поля Наименование
org.openqa.selenium.NoSuchElementException: no such element
  (Session info: chrome=39.0.2171.95)
  (Driver info: chromedriver=2.14.313457 (3d645c400edf2e2c500566c9aa096063e707c9cf),platform=Linux 3.13.0-63-generic x86) (WARNING: The server did not provide any stacktrace information)
Command duration or timeout: 30.06 seconds
For documentation on this error, please visit: http://seleniumhq.org/exceptions/no_such_element.html
Build info: version: '2.45.0', revision: '5017cb8e7ca8e37638dc3091b2440b90a1d8686f', time: '2015-02-27 09:10:26'
System info: host: 'natalia-All-Series', ip: '127.0.0.1', os.name: 'Linux', os.arch: 'i386', os.version: '3.13.0-63-generic', java.version: '1.7.0_65'
*** Element info: {Using=xpath, value=//div[@id="workspace" or @class="workspace"]//node()[contains(text(),"Общая информация")]/../following-sibling::node()//descendant-or-self::node()[contains(text(),"Наименование")]/../following-sibling::div}
Session ID: 58bdde6ccdd3fae4702f5227ac22a153
Driver info: org.openqa.selenium.chrome.ChromeDriver
Capabilities [{platform=LINUX, acceptSslCerts=true, javascriptEnabled=true, browserName=chrome, chrome={userDataDir=/tmp/.com.google.Chrome.5pUg8h}, rotatable=false, locationContextEnabled=true, mobileEmulationEnabled=false, version=39.0.2171.95, takesHeapSnapshot=true, cssSelectorsEnabled=true, databaseEnabled=false, handlesAlerts=true, browserConnectionEnabled=false, webStorageEnabled=true, nativeEvents=true, applicationCacheEnabled=false, takesScreenshot=true}]
	at Base.MOWebdriver.revisionValue(MOWebdriver.java:770)
	at myobject.Object.testAdd(Object.java:78)
	at com.intellij.rt.execution.application.AppMain.main(AppMain.java:140)
... Removed 30 stack frames]]>
    </failure>
  </testcase> <!-- testAdd -->
  <testcase name="testAddEmpty" time="65.89" classname="myobject.Object">
    <failure type="java.lang.AssertionError" message="Есть обязательные поля, не подсвеченные как обязательные:
[Уточненное наименование объекта, Местонахождение (адрес), Типовое наименование ОПО]
Скриншот:/home/natalia/IdeaProjects/TestsMyObject/src/test/screenshots/fails/fail_2015.10.21_11:50:35.png expected [true] but found [false]">
      <![CDATA[java.lang.AssertionError: Есть обязательные поля, не подсвеченные как обязательные:
[Уточненное наименование объекта, Местонахождение (адрес), Типовое наименование ОПО]
Скриншот:/home/natalia/IdeaProjects/TestsMyObject/src/test/screenshots/fails/fail_2015.10.21_11:50:35.png expected [true] but found [false]
	at myobject.Object.testAddEmpty(Object.java:116)
	at com.intellij.rt.execution.application.AppMain.main(AppMain.java:140)
... Removed 32 stack frames]]>
    </failure>
  </testcase> <!-- testAddEmpty -->
  <testcase name="testEdit" time="83.352" classname="myobject.Object">
    <failure type="org.openqa.selenium.ElementNotVisibleException" message="element not visible
  (Session info: chrome=39.0.2171.95)
  (Driver info: chromedriver=2.14.313457 (3d645c400edf2e2c500566c9aa096063e707c9cf),platform=Linux 3.13.0-63-generic x86) (WARNING: The server did not provide any stacktrace information)
Command duration or timeout: 12 milliseconds
Build info: version: &amp;apos;2.45.0&amp;apos;, revision: &amp;apos;5017cb8e7ca8e37638dc3091b2440b90a1d8686f&amp;apos;, time: &amp;apos;2015-02-27 09:10:26&amp;apos;
System info: host: &amp;apos;natalia-All-Series&amp;apos;, ip: &amp;apos;127.0.0.1&amp;apos;, os.name: &amp;apos;Linux&amp;apos;, os.arch: &amp;apos;i386&amp;apos;, os.version: &amp;apos;3.13.0-63-generic&amp;apos;, java.version: &amp;apos;1.7.0_65&amp;apos;
Session ID: 58bdde6ccdd3fae4702f5227ac22a153
Driver info: org.openqa.selenium.chrome.ChromeDriver
Capabilities [{platform=LINUX, acceptSslCerts=true, javascriptEnabled=true, browserName=chrome, chrome={userDataDir=/tmp/.com.google.Chrome.5pUg8h}, rotatable=false, locationContextEnabled=true, mobileEmulationEnabled=false, version=39.0.2171.95, takesHeapSnapshot=true, cssSelectorsEnabled=true, databaseEnabled=false, handlesAlerts=true, browserConnectionEnabled=false, webStorageEnabled=true, nativeEvents=true, applicationCacheEnabled=false, takesScreenshot=true}]">
      <![CDATA[org.openqa.selenium.ElementNotVisibleException: element not visible
  (Session info: chrome=39.0.2171.95)
  (Driver info: chromedriver=2.14.313457 (3d645c400edf2e2c500566c9aa096063e707c9cf),platform=Linux 3.13.0-63-generic x86) (WARNING: The server did not provide any stacktrace information)
Command duration or timeout: 12 milliseconds
Build info: version: '2.45.0', revision: '5017cb8e7ca8e37638dc3091b2440b90a1d8686f', time: '2015-02-27 09:10:26'
System info: host: 'natalia-All-Series', ip: '127.0.0.1', os.name: 'Linux', os.arch: 'i386', os.version: '3.13.0-63-generic', java.version: '1.7.0_65'
Session ID: 58bdde6ccdd3fae4702f5227ac22a153
Driver info: org.openqa.selenium.chrome.ChromeDriver
Capabilities [{platform=LINUX, acceptSslCerts=true, javascriptEnabled=true, browserName=chrome, chrome={userDataDir=/tmp/.com.google.Chrome.5pUg8h}, rotatable=false, locationContextEnabled=true, mobileEmulationEnabled=false, version=39.0.2171.95, takesHeapSnapshot=true, cssSelectorsEnabled=true, databaseEnabled=false, handlesAlerts=true, browserConnectionEnabled=false, webStorageEnabled=true, nativeEvents=true, applicationCacheEnabled=false, takesScreenshot=true}]
	at org.openqa.selenium.remote.ErrorHandler.createThrowable(ErrorHandler.java:204)
	at org.openqa.selenium.remote.ErrorHandler.throwIfResponseFailed(ErrorHandler.java:156)
	at org.openqa.selenium.remote.RemoteWebDriver.execute(RemoteWebDriver.java:599)
	at org.openqa.selenium.remote.RemoteWebElement.execute(RemoteWebElement.java:268)
	at org.openqa.selenium.remote.RemoteWebElement.click(RemoteWebElement.java:79)
	at org.openqa.selenium.support.events.EventFiringWebDriver$EventFiringWebElement$1.invoke(EventFiringWebDriver.java:331)
	at com.sun.proxy.$Proxy10.click(Unknown Source)
	at org.openqa.selenium.support.events.EventFiringWebDriver$EventFiringWebElement.click(EventFiringWebDriver.java:344)
	at Base.MOWebdriver.tree(MOWebdriver.java:555)
	at myobject.Object.testEdit(Object.java:158)
	at com.intellij.rt.execution.application.AppMain.main(AppMain.java:140)
... Removed 36 stack frames]]>
    </failure>
  </testcase> <!-- testEdit -->
  <testcase name="testEditEmpty" time="70.13" classname="myobject.Object">
    <failure type="java.lang.AssertionError" message="Есть обязательные поля, не подсвеченные как обязательные:
[Уточненное наименование объекта, Местонахождение (адрес), Типовое наименование ОПО]
Скриншот:/home/natalia/IdeaProjects/TestsMyObject/src/test/screenshots/fails/fail_2015.10.21_11:53:26.png expected [true] but found [false]">
      <![CDATA[java.lang.AssertionError: Есть обязательные поля, не подсвеченные как обязательные:
[Уточненное наименование объекта, Местонахождение (адрес), Типовое наименование ОПО]
Скриншот:/home/natalia/IdeaProjects/TestsMyObject/src/test/screenshots/fails/fail_2015.10.21_11:53:26.png expected [true] but found [false]
	at myobject.Object.testEditEmpty(Object.java:213)
	at com.intellij.rt.execution.application.AppMain.main(AppMain.java:140)
... Removed 32 stack frames]]>
    </failure>
  </testcase> <!-- testEditEmpty -->
  <testcase name="testDelete" time="41.285" classname="myobject.Object">
    <failure type="org.openqa.selenium.WebDriverException" message="unknown error: Element is not clickable at point (385, 152). Other element would receive the click: &amp;lt;div id=&amp;quot;workspace-preloader&amp;quot; class=&amp;quot;default-preloader view&amp;quot; style=&amp;quot;display: block;&amp;quot;&amp;gt;...&amp;lt;/div&amp;gt;
  (Session info: chrome=39.0.2171.95)
  (Driver info: chromedriver=2.14.313457 (3d645c400edf2e2c500566c9aa096063e707c9cf),platform=Linux 3.13.0-63-generic x86) (WARNING: The server did not provide any stacktrace information)
Command duration or timeout: 25 milliseconds
Build info: version: &amp;apos;2.45.0&amp;apos;, revision: &amp;apos;5017cb8e7ca8e37638dc3091b2440b90a1d8686f&amp;apos;, time: &amp;apos;2015-02-27 09:10:26&amp;apos;
System info: host: &amp;apos;natalia-All-Series&amp;apos;, ip: &amp;apos;127.0.0.1&amp;apos;, os.name: &amp;apos;Linux&amp;apos;, os.arch: &amp;apos;i386&amp;apos;, os.version: &amp;apos;3.13.0-63-generic&amp;apos;, java.version: &amp;apos;1.7.0_65&amp;apos;
Session ID: 58bdde6ccdd3fae4702f5227ac22a153
Driver info: org.openqa.selenium.chrome.ChromeDriver
Capabilities [{platform=LINUX, acceptSslCerts=true, javascriptEnabled=true, browserName=chrome, chrome={userDataDir=/tmp/.com.google.Chrome.5pUg8h}, rotatable=false, locationContextEnabled=true, mobileEmulationEnabled=false, version=39.0.2171.95, takesHeapSnapshot=true, cssSelectorsEnabled=true, databaseEnabled=false, handlesAlerts=true, browserConnectionEnabled=false, webStorageEnabled=true, nativeEvents=true, applicationCacheEnabled=false, takesScreenshot=true}]">
      <![CDATA[org.openqa.selenium.WebDriverException: unknown error: Element is not clickable at point (385, 152). Other element would receive the click: <div id="workspace-preloader" class="default-preloader view" style="display: block;">...</div>
  (Session info: chrome=39.0.2171.95)
  (Driver info: chromedriver=2.14.313457 (3d645c400edf2e2c500566c9aa096063e707c9cf),platform=Linux 3.13.0-63-generic x86) (WARNING: The server did not provide any stacktrace information)
Command duration or timeout: 25 milliseconds
Build info: version: '2.45.0', revision: '5017cb8e7ca8e37638dc3091b2440b90a1d8686f', time: '2015-02-27 09:10:26'
System info: host: 'natalia-All-Series', ip: '127.0.0.1', os.name: 'Linux', os.arch: 'i386', os.version: '3.13.0-63-generic', java.version: '1.7.0_65'
Session ID: 58bdde6ccdd3fae4702f5227ac22a153
Driver info: org.openqa.selenium.chrome.ChromeDriver
Capabilities [{platform=LINUX, acceptSslCerts=true, javascriptEnabled=true, browserName=chrome, chrome={userDataDir=/tmp/.com.google.Chrome.5pUg8h}, rotatable=false, locationContextEnabled=true, mobileEmulationEnabled=false, version=39.0.2171.95, takesHeapSnapshot=true, cssSelectorsEnabled=true, databaseEnabled=false, handlesAlerts=true, browserConnectionEnabled=false, webStorageEnabled=true, nativeEvents=true, applicationCacheEnabled=false, takesScreenshot=true}]
	at org.openqa.selenium.remote.ErrorHandler.createThrowable(ErrorHandler.java:204)
	at org.openqa.selenium.remote.ErrorHandler.throwIfResponseFailed(ErrorHandler.java:156)
	at org.openqa.selenium.remote.RemoteWebDriver.execute(RemoteWebDriver.java:599)
	at org.openqa.selenium.remote.RemoteWebElement.execute(RemoteWebElement.java:268)
	at org.openqa.selenium.remote.RemoteWebElement.click(RemoteWebElement.java:79)
	at org.openqa.selenium.support.events.EventFiringWebDriver$EventFiringWebElement$1.invoke(EventFiringWebDriver.java:331)
	at com.sun.proxy.$Proxy10.click(Unknown Source)
	at org.openqa.selenium.support.events.EventFiringWebDriver$EventFiringWebElement.click(EventFiringWebDriver.java:344)
	at Base.MOWebdriver.sortList(MOWebdriver.java:737)
	at Base.MOWebdriver.selectRow(MOWebdriver.java:710)
	at myobject.Object.testDelete(Object.java:229)
	at com.intellij.rt.execution.application.AppMain.main(AppMain.java:140)
... Removed 36 stack frames]]>
    </failure>
  </testcase> <!-- testDelete -->
</testsuite> <!-- Объект -->
