<?xml version="1.0" encoding="UTF-8"?>
<!-- Generated by org.testng.reporters.JUnitXMLReporter -->
<testsuite hostname="natalia-All-Series" name="ПЛА" tests="5" failures="0" timestamp="21 Oct 2015 08:56:24 GMT" time="71.43" errors="0">
  <testcase name="@BeforeTest setTestBase" time="0.0" classname="myobject.PLA">
    <failure type="org.openqa.selenium.WebDriverException" message="chrome not reachable
  (Driver info: chromedriver=2.14.313457 (3d645c400edf2e2c500566c9aa096063e707c9cf),platform=Linux 3.13.0-63-generic x86) (WARNING: The server did not provide any stacktrace information)
Command duration or timeout: 70.92 seconds
Build info: version: &amp;apos;2.45.0&amp;apos;, revision: &amp;apos;5017cb8e7ca8e37638dc3091b2440b90a1d8686f&amp;apos;, time: &amp;apos;2015-02-27 09:10:26&amp;apos;
System info: host: &amp;apos;natalia-All-Series&amp;apos;, ip: &amp;apos;127.0.0.1&amp;apos;, os.name: &amp;apos;Linux&amp;apos;, os.arch: &amp;apos;i386&amp;apos;, os.version: &amp;apos;3.13.0-63-generic&amp;apos;, java.version: &amp;apos;1.7.0_65&amp;apos;
Driver info: org.openqa.selenium.chrome.ChromeDriver">
      <![CDATA[org.openqa.selenium.WebDriverException: chrome not reachable
  (Driver info: chromedriver=2.14.313457 (3d645c400edf2e2c500566c9aa096063e707c9cf),platform=Linux 3.13.0-63-generic x86) (WARNING: The server did not provide any stacktrace information)
Command duration or timeout: 70.92 seconds
Build info: version: '2.45.0', revision: '5017cb8e7ca8e37638dc3091b2440b90a1d8686f', time: '2015-02-27 09:10:26'
System info: host: 'natalia-All-Series', ip: '127.0.0.1', os.name: 'Linux', os.arch: 'i386', os.version: '3.13.0-63-generic', java.version: '1.7.0_65'
Driver info: org.openqa.selenium.chrome.ChromeDriver
	at org.openqa.selenium.remote.ErrorHandler.createThrowable(ErrorHandler.java:204)
	at org.openqa.selenium.remote.ErrorHandler.throwIfResponseFailed(ErrorHandler.java:156)
	at org.openqa.selenium.remote.RemoteWebDriver.execute(RemoteWebDriver.java:599)
	at org.openqa.selenium.remote.RemoteWebDriver.startSession(RemoteWebDriver.java:240)
	at org.openqa.selenium.remote.RemoteWebDriver.<init>(RemoteWebDriver.java:126)
	at org.openqa.selenium.remote.RemoteWebDriver.<init>(RemoteWebDriver.java:139)
	at org.openqa.selenium.chrome.ChromeDriver.<init>(ChromeDriver.java:171)
	at org.openqa.selenium.chrome.ChromeDriver.<init>(ChromeDriver.java:139)
	at ru.stqa.selenium.factory.WebDriverFactoryInternal.createLocalDriver(WebDriverFactoryInternal.java:78)
	at ru.stqa.selenium.factory.WebDriverFactoryInternal.newDriver(WebDriverFactoryInternal.java:58)
	at ru.stqa.selenium.factory.ThreadLocalSingletonStorage.createNewDriver(ThreadLocalSingletonStorage.java:91)
	at ru.stqa.selenium.factory.ThreadLocalSingletonStorage.getDriver(ThreadLocalSingletonStorage.java:42)
	at ru.stqa.selenium.factory.WebDriverFactoryInternal.getDriver(WebDriverFactoryInternal.java:49)
	at ru.stqa.selenium.factory.WebDriverFactory.getDriver(WebDriverFactory.java:39)
	at Base.TestBase.registerWebdriver(TestBase.java:37)
	at Base.TestBase.setTestBase(TestBase.java:50)
	at com.intellij.rt.execution.application.AppMain.main(AppMain.java:140)
... Removed 31 stack frames]]>
    </failure>
  </testcase> <!-- @BeforeTest setTestBase -->
  <testcase name="@BeforeTest setUpTest" time="0.0" classname="myobject.PLA">
    <skipped/>
  </testcase> <!-- @BeforeTest setUpTest -->
  <testcase name="@BeforeClass isDataPresent" time="0.0" classname="myobject.PLA">
    <skipped/>
  </testcase> <!-- @BeforeClass isDataPresent -->
  <testcase name="@BeforeMethod setUpMethod" time="0.0" classname="myobject.PLA">
    <skipped/>
  </testcase> <!-- @BeforeMethod setUpMethod -->
  <testcase name="@BeforeMethod goToList" time="0.0" classname="myobject.PLA">
    <skipped/>
  </testcase> <!-- @BeforeMethod goToList -->
  <testcase name="@BeforeMethod setUpMethod" time="0.0" classname="myobject.PLA">
    <skipped/>
  </testcase> <!-- @BeforeMethod setUpMethod -->
  <testcase name="@BeforeMethod goToList" time="0.0" classname="myobject.PLA">
    <skipped/>
  </testcase> <!-- @BeforeMethod goToList -->
  <testcase name="@BeforeMethod setUpMethod" time="0.0" classname="myobject.PLA">
    <skipped/>
  </testcase> <!-- @BeforeMethod setUpMethod -->
  <testcase name="@BeforeMethod goToList" time="0.0" classname="myobject.PLA">
    <skipped/>
  </testcase> <!-- @BeforeMethod goToList -->
  <testcase name="@BeforeMethod setUpMethod" time="0.0" classname="myobject.PLA">
    <skipped/>
  </testcase> <!-- @BeforeMethod setUpMethod -->
  <testcase name="@BeforeMethod goToList" time="0.0" classname="myobject.PLA">
    <skipped/>
  </testcase> <!-- @BeforeMethod goToList -->
  <testcase name="@BeforeMethod setUpMethod" time="0.0" classname="myobject.PLA">
    <skipped/>
  </testcase> <!-- @BeforeMethod setUpMethod -->
  <testcase name="@BeforeMethod goToList" time="0.0" classname="myobject.PLA">
    <skipped/>
  </testcase> <!-- @BeforeMethod goToList -->
  <testcase name="testAdd" time="0.0" classname="myobject.PLA">
    <skipped/>
  </testcase> <!-- testAdd -->
  <testcase name="testAddEmpty" time="0.0" classname="myobject.PLA">
    <skipped/>
  </testcase> <!-- testAddEmpty -->
  <testcase name="testEdit" time="0.0" classname="myobject.PLA">
    <skipped/>
  </testcase> <!-- testEdit -->
  <testcase name="testEditEmpty" time="0.001" classname="myobject.PLA">
    <skipped/>
  </testcase> <!-- testEditEmpty -->
  <testcase name="testDelete" time="0.001" classname="myobject.PLA">
    <skipped/>
  </testcase> <!-- testDelete -->
</testsuite> <!-- ПЛА -->
