<?xml version="1.0" encoding="UTF-8"?>
<!-- Generated by org.testng.reporters.JUnitXMLReporter -->
<testsuite hostname="natalia-All-Series" name="Подобъект" tests="9" failures="3" timestamp="21 Oct 2015 09:17:44 GMT" time="1170.056" errors="0">
  <testcase name="testAdd" time="38.853" classname="myobject.Element"/>
  <testcase name="testAddEmpty" time="13.42" classname="myobject.Element"/>
  <testcase name="testEditEmpty" time="20.987" classname="myobject.Element"/>
  <testcase name="testAddTD" time="239.963" classname="myobject.Element">
    <failure type="java.lang.AssertionError" message="Нет сообщения о результате операции!">
      <![CDATA[java.lang.AssertionError: Нет сообщения о результате операции!
	at Base.MOWebdriver.waitForElementPresent(MOWebdriver.java:108)
	at Base.MOWebdriver.messageResultOfOperation(MOWebdriver.java:193)
	at myobject.Element.testAddTD(Element.java:118)
	at com.intellij.rt.execution.application.AppMain.main(AppMain.java:140)
... Removed 30 stack frames]]>
    </failure>
  </testcase> <!-- testAddTD -->
  <testcase name="testAddBaC" time="72.52" classname="myobject.Element"/>
  <testcase name="testDeleteBaC" time="58.148" classname="myobject.Element"/>
  <testcase name="testDeleteTD" time="217.032" classname="myobject.Element">
    <failure type="org.openqa.selenium.TimeoutException" message="Timed out after 200 seconds waiting for visibility of element located by By.id: actions
Build info: version: &amp;apos;2.45.0&amp;apos;, revision: &amp;apos;5017cb8e7ca8e37638dc3091b2440b90a1d8686f&amp;apos;, time: &amp;apos;2015-02-27 09:10:26&amp;apos;
System info: host: &amp;apos;natalia-All-Series&amp;apos;, ip: &amp;apos;127.0.0.1&amp;apos;, os.name: &amp;apos;Linux&amp;apos;, os.arch: &amp;apos;i386&amp;apos;, os.version: &amp;apos;3.13.0-63-generic&amp;apos;, java.version: &amp;apos;1.7.0_65&amp;apos;
Driver info: org.openqa.selenium.support.events.EventFiringWebDriver">
      <![CDATA[org.openqa.selenium.TimeoutException: Timed out after 200 seconds waiting for visibility of element located by By.id: actions
Build info: version: '2.45.0', revision: '5017cb8e7ca8e37638dc3091b2440b90a1d8686f', time: '2015-02-27 09:10:26'
System info: host: 'natalia-All-Series', ip: '127.0.0.1', os.name: 'Linux', os.arch: 'i386', os.version: '3.13.0-63-generic', java.version: '1.7.0_65'
Driver info: org.openqa.selenium.support.events.EventFiringWebDriver
	at org.openqa.selenium.support.ui.WebDriverWait.timeoutException(WebDriverWait.java:79)
	at org.openqa.selenium.support.ui.FluentWait.until(FluentWait.java:228)
	at Base.MOWebdriver.edit(MOWebdriver.java:670)
	at myobject.Element.testDeleteTD(Element.java:170)
	at com.intellij.rt.execution.application.AppMain.main(AppMain.java:140)
... Removed 29 stack frames]]>
    </failure>
  </testcase> <!-- testDeleteTD -->
  <testcase name="testDelete" time="29.75" classname="myobject.Element"/>
  <testcase name="testEdit" time="207.064" classname="myobject.Element">
    <failure type="org.openqa.selenium.TimeoutException" message="Timed out after 200 seconds waiting for visibility of element located by By.id: actions
Build info: version: &amp;apos;2.45.0&amp;apos;, revision: &amp;apos;5017cb8e7ca8e37638dc3091b2440b90a1d8686f&amp;apos;, time: &amp;apos;2015-02-27 09:10:26&amp;apos;
System info: host: &amp;apos;natalia-All-Series&amp;apos;, ip: &amp;apos;127.0.0.1&amp;apos;, os.name: &amp;apos;Linux&amp;apos;, os.arch: &amp;apos;i386&amp;apos;, os.version: &amp;apos;3.13.0-63-generic&amp;apos;, java.version: &amp;apos;1.7.0_65&amp;apos;
Driver info: org.openqa.selenium.support.events.EventFiringWebDriver">
      <![CDATA[org.openqa.selenium.TimeoutException: Timed out after 200 seconds waiting for visibility of element located by By.id: actions
Build info: version: '2.45.0', revision: '5017cb8e7ca8e37638dc3091b2440b90a1d8686f', time: '2015-02-27 09:10:26'
System info: host: 'natalia-All-Series', ip: '127.0.0.1', os.name: 'Linux', os.arch: 'i386', os.version: '3.13.0-63-generic', java.version: '1.7.0_65'
Driver info: org.openqa.selenium.support.events.EventFiringWebDriver
	at org.openqa.selenium.support.ui.WebDriverWait.timeoutException(WebDriverWait.java:79)
	at org.openqa.selenium.support.ui.FluentWait.until(FluentWait.java:228)
	at Base.MOWebdriver.edit(MOWebdriver.java:670)
	at myobject.Element.testEdit(Element.java:196)
	at com.intellij.rt.execution.application.AppMain.main(AppMain.java:140)
... Removed 29 stack frames]]>
    </failure>
  </testcase> <!-- testEdit -->
</testsuite> <!-- Подобъект -->
