<?xml version="1.0" encoding="UTF-8"?>
<!-- Generated by org.testng.reporters.JUnitXMLReporter -->
<testsuite hostname="natalia-All-Series" name="Предписание" tests="5" failures="3" timestamp="14 Oct 2015 12:31:01 GMT" time="325.391" errors="0">
  <testcase name="testAdd" time="72.543" classname="myobject.Prescription">
    <failure type="java.lang.AssertionError" message="Предписание не добавлено expected [ТестСозданиеПредписанияНомерПредписания14.10.2015_15-26-13] but found [  Cклад ВМ
  План выполнения предписания №ТестСозданиеПредписанияНомерПредписания14.10.2015_15-26-13 от 15.07.2015
  ТестСозданиеРаботникаФамилия17.09.2015_17-21-21 ТестСозданиеРаботникаИмя ТестСозданиеРаботникаФамилия]">
      <![CDATA[java.lang.AssertionError: Предписание не добавлено expected [ТестСозданиеПредписанияНомерПредписания14.10.2015_15-26-13] but found [  Cклад ВМ
  План выполнения предписания №ТестСозданиеПредписанияНомерПредписания14.10.2015_15-26-13 от 15.07.2015
  ТестСозданиеРаботникаФамилия17.09.2015_17-21-21 ТестСозданиеРаботникаИмя ТестСозданиеРаботникаФамилия]
	at myobject.Prescription.testAdd(Prescription.java:60)
	at com.intellij.rt.execution.application.AppMain.main(AppMain.java:140)
... Removed 33 stack frames]]>
    </failure>
  </testcase> <!-- testAdd -->
  <testcase name="testAddEmpty" time="30.039" classname="myobject.Prescription">
    <failure type="java.lang.AssertionError" message="Есть обязательные поля, не подсвеченные как обязательные:
[Сотрудник]
Скриншот:/home/natalia/IdeaProjects/TestsMyObject/src/test/screenshots/fails/fail_2015.10.14_15:27:57.png expected [true] but found [false]">
      <![CDATA[java.lang.AssertionError: Есть обязательные поля, не подсвеченные как обязательные:
[Сотрудник]
Скриншот:/home/natalia/IdeaProjects/TestsMyObject/src/test/screenshots/fails/fail_2015.10.14_15:27:57.png expected [true] but found [false]
	at myobject.Prescription.testAddEmpty(Prescription.java:88)
	at com.intellij.rt.execution.application.AppMain.main(AppMain.java:140)
... Removed 32 stack frames]]>
    </failure>
  </testcase> <!-- testAddEmpty -->
  <testcase name="testEdit" time="103.47" classname="myobject.Prescription"/>
  <testcase name="testEditEmpty" time="37.468" classname="myobject.Prescription">
    <failure type="java.lang.AssertionError" message="Есть обязательные поля, не подсвеченные как обязательные:
[Сотрудник]
Скриншот:/home/natalia/IdeaProjects/TestsMyObject/src/test/screenshots/fails/fail_2015.10.14_15:30:32.png expected [true] but found [false]">
      <![CDATA[java.lang.AssertionError: Есть обязательные поля, не подсвеченные как обязательные:
[Сотрудник]
Скриншот:/home/natalia/IdeaProjects/TestsMyObject/src/test/screenshots/fails/fail_2015.10.14_15:30:32.png expected [true] but found [false]
	at myobject.Prescription.testEditEmpty(Prescription.java:151)
	at com.intellij.rt.execution.application.AppMain.main(AppMain.java:140)
... Removed 32 stack frames]]>
    </failure>
  </testcase> <!-- testEditEmpty -->
  <testcase name="testDelete" time="18.128" classname="myobject.Prescription"/>
</testsuite> <!-- Предписание -->
