<?xml version="1.0" encoding="UTF-8"?>
<!-- Generated by org.testng.reporters.JUnitXMLReporter -->
<testsuite hostname="natalia-All-Series" name="СП" tests="5" failures="2" timestamp="21 Oct 2015 08:22:11 GMT" time="228.767" errors="0">
  <testcase name="testAdd" time="3.191" classname="myobject.Team">
    <failure type="org.openqa.selenium.WebDriverException" message="unknown error: Element is not clickable at point (398, 28). Other element would receive the click: &amp;lt;div id=&amp;quot;workspace-preloader&amp;quot; class=&amp;quot;default-preloader view&amp;quot; style=&amp;quot;display: block;&amp;quot;&amp;gt;...&amp;lt;/div&amp;gt;
  (Session info: chrome=39.0.2171.95)
  (Driver info: chromedriver=2.14.313457 (3d645c400edf2e2c500566c9aa096063e707c9cf),platform=Linux 3.13.0-63-generic x86) (WARNING: The server did not provide any stacktrace information)
Command duration or timeout: 164 milliseconds
Build info: version: &amp;apos;2.45.0&amp;apos;, revision: &amp;apos;5017cb8e7ca8e37638dc3091b2440b90a1d8686f&amp;apos;, time: &amp;apos;2015-02-27 09:10:26&amp;apos;
System info: host: &amp;apos;natalia-All-Series&amp;apos;, ip: &amp;apos;127.0.0.1&amp;apos;, os.name: &amp;apos;Linux&amp;apos;, os.arch: &amp;apos;i386&amp;apos;, os.version: &amp;apos;3.13.0-63-generic&amp;apos;, java.version: &amp;apos;1.7.0_65&amp;apos;
Session ID: 073722c436d4e4fc06f895950ee42a67
Driver info: org.openqa.selenium.chrome.ChromeDriver
Capabilities [{platform=LINUX, acceptSslCerts=true, javascriptEnabled=true, browserName=chrome, chrome={userDataDir=/tmp/.com.google.Chrome.rw7Ax4}, rotatable=false, locationContextEnabled=true, mobileEmulationEnabled=false, version=39.0.2171.95, takesHeapSnapshot=true, cssSelectorsEnabled=true, databaseEnabled=false, handlesAlerts=true, browserConnectionEnabled=false, webStorageEnabled=true, nativeEvents=true, applicationCacheEnabled=false, takesScreenshot=true}]">
      <![CDATA[org.openqa.selenium.WebDriverException: unknown error: Element is not clickable at point (398, 28). Other element would receive the click: <div id="workspace-preloader" class="default-preloader view" style="display: block;">...</div>
  (Session info: chrome=39.0.2171.95)
  (Driver info: chromedriver=2.14.313457 (3d645c400edf2e2c500566c9aa096063e707c9cf),platform=Linux 3.13.0-63-generic x86) (WARNING: The server did not provide any stacktrace information)
Command duration or timeout: 164 milliseconds
Build info: version: '2.45.0', revision: '5017cb8e7ca8e37638dc3091b2440b90a1d8686f', time: '2015-02-27 09:10:26'
System info: host: 'natalia-All-Series', ip: '127.0.0.1', os.name: 'Linux', os.arch: 'i386', os.version: '3.13.0-63-generic', java.version: '1.7.0_65'
Session ID: 073722c436d4e4fc06f895950ee42a67
Driver info: org.openqa.selenium.chrome.ChromeDriver
Capabilities [{platform=LINUX, acceptSslCerts=true, javascriptEnabled=true, browserName=chrome, chrome={userDataDir=/tmp/.com.google.Chrome.rw7Ax4}, rotatable=false, locationContextEnabled=true, mobileEmulationEnabled=false, version=39.0.2171.95, takesHeapSnapshot=true, cssSelectorsEnabled=true, databaseEnabled=false, handlesAlerts=true, browserConnectionEnabled=false, webStorageEnabled=true, nativeEvents=true, applicationCacheEnabled=false, takesScreenshot=true}]
	at org.openqa.selenium.remote.ErrorHandler.createThrowable(ErrorHandler.java:204)
	at org.openqa.selenium.remote.ErrorHandler.throwIfResponseFailed(ErrorHandler.java:156)
	at org.openqa.selenium.remote.RemoteWebDriver.execute(RemoteWebDriver.java:599)
	at org.openqa.selenium.remote.RemoteWebElement.execute(RemoteWebElement.java:268)
	at org.openqa.selenium.remote.RemoteWebElement.click(RemoteWebElement.java:79)
	at org.openqa.selenium.support.events.EventFiringWebDriver$EventFiringWebElement$1.invoke(EventFiringWebDriver.java:331)
	at com.sun.proxy.$Proxy10.click(Unknown Source)
	at org.openqa.selenium.support.events.EventFiringWebDriver$EventFiringWebElement.click(EventFiringWebDriver.java:344)
	at Base.MOWebdriver.add(MOWebdriver.java:649)
	at myobject.Team.testAdd(Team.java:27)
	at com.intellij.rt.execution.application.AppMain.main(AppMain.java:140)
... Removed 37 stack frames]]>
    </failure>
  </testcase> <!-- testAdd -->
  <testcase name="testAddEmpty" time="18.37" classname="myobject.Team"/>
  <testcase name="testEdit" time="30.678" classname="myobject.Team"/>
  <testcase name="testEditEmpty" time="14.652" classname="myobject.Team"/>
  <testcase name="testDelete" time="17.608" classname="myobject.Team">
    <failure type="org.openqa.selenium.WebDriverException" message="unknown error: Element is not clickable at point (126, 363). Other element would receive the click: &amp;lt;div class=&amp;quot;overlay&amp;quot;&amp;gt;&amp;lt;/div&amp;gt;
  (Session info: chrome=39.0.2171.95)
  (Driver info: chromedriver=2.14.313457 (3d645c400edf2e2c500566c9aa096063e707c9cf),platform=Linux 3.13.0-63-generic x86) (WARNING: The server did not provide any stacktrace information)
Command duration or timeout: 38 milliseconds
Build info: version: &amp;apos;2.45.0&amp;apos;, revision: &amp;apos;5017cb8e7ca8e37638dc3091b2440b90a1d8686f&amp;apos;, time: &amp;apos;2015-02-27 09:10:26&amp;apos;
System info: host: &amp;apos;natalia-All-Series&amp;apos;, ip: &amp;apos;127.0.0.1&amp;apos;, os.name: &amp;apos;Linux&amp;apos;, os.arch: &amp;apos;i386&amp;apos;, os.version: &amp;apos;3.13.0-63-generic&amp;apos;, java.version: &amp;apos;1.7.0_65&amp;apos;
Session ID: 073722c436d4e4fc06f895950ee42a67
Driver info: org.openqa.selenium.chrome.ChromeDriver
Capabilities [{platform=LINUX, acceptSslCerts=true, javascriptEnabled=true, browserName=chrome, chrome={userDataDir=/tmp/.com.google.Chrome.rw7Ax4}, rotatable=false, locationContextEnabled=true, mobileEmulationEnabled=false, version=39.0.2171.95, takesHeapSnapshot=true, cssSelectorsEnabled=true, databaseEnabled=false, handlesAlerts=true, browserConnectionEnabled=false, webStorageEnabled=true, nativeEvents=true, applicationCacheEnabled=false, takesScreenshot=true}]">
      <![CDATA[org.openqa.selenium.WebDriverException: unknown error: Element is not clickable at point (126, 363). Other element would receive the click: <div class="overlay"></div>
  (Session info: chrome=39.0.2171.95)
  (Driver info: chromedriver=2.14.313457 (3d645c400edf2e2c500566c9aa096063e707c9cf),platform=Linux 3.13.0-63-generic x86) (WARNING: The server did not provide any stacktrace information)
Command duration or timeout: 38 milliseconds
Build info: version: '2.45.0', revision: '5017cb8e7ca8e37638dc3091b2440b90a1d8686f', time: '2015-02-27 09:10:26'
System info: host: 'natalia-All-Series', ip: '127.0.0.1', os.name: 'Linux', os.arch: 'i386', os.version: '3.13.0-63-generic', java.version: '1.7.0_65'
Session ID: 073722c436d4e4fc06f895950ee42a67
Driver info: org.openqa.selenium.chrome.ChromeDriver
Capabilities [{platform=LINUX, acceptSslCerts=true, javascriptEnabled=true, browserName=chrome, chrome={userDataDir=/tmp/.com.google.Chrome.rw7Ax4}, rotatable=false, locationContextEnabled=true, mobileEmulationEnabled=false, version=39.0.2171.95, takesHeapSnapshot=true, cssSelectorsEnabled=true, databaseEnabled=false, handlesAlerts=true, browserConnectionEnabled=false, webStorageEnabled=true, nativeEvents=true, applicationCacheEnabled=false, takesScreenshot=true}]
	at org.openqa.selenium.remote.ErrorHandler.createThrowable(ErrorHandler.java:204)
	at org.openqa.selenium.remote.ErrorHandler.throwIfResponseFailed(ErrorHandler.java:156)
	at org.openqa.selenium.remote.RemoteWebDriver.execute(RemoteWebDriver.java:599)
	at org.openqa.selenium.remote.RemoteWebElement.execute(RemoteWebElement.java:268)
	at org.openqa.selenium.remote.RemoteWebElement.click(RemoteWebElement.java:79)
	at org.openqa.selenium.support.events.EventFiringWebDriver$EventFiringWebElement$1.invoke(EventFiringWebDriver.java:331)
	at com.sun.proxy.$Proxy10.click(Unknown Source)
	at org.openqa.selenium.support.events.EventFiringWebDriver$EventFiringWebElement.click(EventFiringWebDriver.java:344)
	at Base.MOTestBase.goTo(MOTestBase.java:107)
	at myobject.Team.testDelete(Team.java:105)
	at com.intellij.rt.execution.application.AppMain.main(AppMain.java:140)
... Removed 36 stack frames]]>
    </failure>
  </testcase> <!-- testDelete -->
</testsuite> <!-- СП -->
