<?xml version="1.0" encoding="UTF-8"?>
<!-- Generated by org.testng.reporters.JUnitXMLReporter -->
<testsuite hostname="natalia-All-Series" name="ТУ" tests="6" failures="4" timestamp="21 Oct 2015 09:28:55 GMT" time="496.585" errors="0">
  <testcase name="testAdd" time="88.577" classname="myobject.TechnicalDevice"/>
  <testcase name="testAddByObject" time="134.7" classname="myobject.TechnicalDevice">
    <failure type="java.lang.AssertionError" message="Ошибка при проверке значения поля Марка
org.openqa.selenium.NoSuchElementException: no such element
  (Session info: chrome=39.0.2171.95)
  (Driver info: chromedriver=2.14.313457 (3d645c400edf2e2c500566c9aa096063e707c9cf),platform=Linux 3.13.0-63-generic x86) (WARNING: The server did not provide any stacktrace information)
Command duration or timeout: 30.03 seconds
For documentation on this error, please visit: http://seleniumhq.org/exceptions/no_such_element.html
Build info: version: &amp;apos;2.45.0&amp;apos;, revision: &amp;apos;5017cb8e7ca8e37638dc3091b2440b90a1d8686f&amp;apos;, time: &amp;apos;2015-02-27 09:10:26&amp;apos;
System info: host: &amp;apos;natalia-All-Series&amp;apos;, ip: &amp;apos;127.0.0.1&amp;apos;, os.name: &amp;apos;Linux&amp;apos;, os.arch: &amp;apos;i386&amp;apos;, os.version: &amp;apos;3.13.0-63-generic&amp;apos;, java.version: &amp;apos;1.7.0_65&amp;apos;
*** Element info: {Using=xpath, value=//div[@id=&amp;quot;workspace&amp;quot; or @class=&amp;quot;workspace&amp;quot;]//node()[contains(text(),&amp;quot;Данные технического устройства&amp;quot;)]/../following-sibling::node()//descendant-or-self::node()[contains(text(),&amp;quot;Марка&amp;quot;)]/../following-sibling::div}
Session ID: a45fd99d9957fda86ad707447f194c32
Driver info: org.openqa.selenium.chrome.ChromeDriver
Capabilities [{platform=LINUX, acceptSslCerts=true, javascriptEnabled=true, browserName=chrome, chrome={userDataDir=/tmp/.com.google.Chrome.HgILvd}, rotatable=false, locationContextEnabled=true, mobileEmulationEnabled=false, version=39.0.2171.95, takesHeapSnapshot=true, cssSelectorsEnabled=true, databaseEnabled=false, handlesAlerts=true, browserConnectionEnabled=false, webStorageEnabled=true, nativeEvents=true, applicationCacheEnabled=false, takesScreenshot=true}]">
      <![CDATA[java.lang.AssertionError: Ошибка при проверке значения поля Марка
org.openqa.selenium.NoSuchElementException: no such element
  (Session info: chrome=39.0.2171.95)
  (Driver info: chromedriver=2.14.313457 (3d645c400edf2e2c500566c9aa096063e707c9cf),platform=Linux 3.13.0-63-generic x86) (WARNING: The server did not provide any stacktrace information)
Command duration or timeout: 30.03 seconds
For documentation on this error, please visit: http://seleniumhq.org/exceptions/no_such_element.html
Build info: version: '2.45.0', revision: '5017cb8e7ca8e37638dc3091b2440b90a1d8686f', time: '2015-02-27 09:10:26'
System info: host: 'natalia-All-Series', ip: '127.0.0.1', os.name: 'Linux', os.arch: 'i386', os.version: '3.13.0-63-generic', java.version: '1.7.0_65'
*** Element info: {Using=xpath, value=//div[@id="workspace" or @class="workspace"]//node()[contains(text(),"Данные технического устройства")]/../following-sibling::node()//descendant-or-self::node()[contains(text(),"Марка")]/../following-sibling::div}
Session ID: a45fd99d9957fda86ad707447f194c32
Driver info: org.openqa.selenium.chrome.ChromeDriver
Capabilities [{platform=LINUX, acceptSslCerts=true, javascriptEnabled=true, browserName=chrome, chrome={userDataDir=/tmp/.com.google.Chrome.HgILvd}, rotatable=false, locationContextEnabled=true, mobileEmulationEnabled=false, version=39.0.2171.95, takesHeapSnapshot=true, cssSelectorsEnabled=true, databaseEnabled=false, handlesAlerts=true, browserConnectionEnabled=false, webStorageEnabled=true, nativeEvents=true, applicationCacheEnabled=false, takesScreenshot=true}]
	at Base.MOWebdriver.revisionValue(MOWebdriver.java:770)
	at myobject.TechnicalDevice.testAddByObject(TechnicalDevice.java:133)
	at com.intellij.rt.execution.application.AppMain.main(AppMain.java:140)
... Removed 30 stack frames]]>
    </failure>
  </testcase> <!-- testAddByObject -->
  <testcase name="testAddEmpty" time="35.008" classname="myobject.TechnicalDevice">
    <failure type="java.lang.AssertionError" message="Есть обязательные поля, не подсвеченные как обязательные:
[Входит в состав объекта]
Скриншот:/home/natalia/IdeaProjects/TestsMyObject/src/test/screenshots/fails/fail_2015.10.21_12:25:34.png expected [true] but found [false]">
      <![CDATA[java.lang.AssertionError: Есть обязательные поля, не подсвеченные как обязательные:
[Входит в состав объекта]
Скриншот:/home/natalia/IdeaProjects/TestsMyObject/src/test/screenshots/fails/fail_2015.10.21_12:25:34.png expected [true] but found [false]
	at myobject.TechnicalDevice.testAddEmpty(TechnicalDevice.java:153)
	at com.intellij.rt.execution.application.AppMain.main(AppMain.java:140)
... Removed 32 stack frames]]>
    </failure>
  </testcase> <!-- testAddEmpty -->
  <testcase name="testEdit" time="119.028" classname="myobject.TechnicalDevice"/>
  <testcase name="testEditEmpty" time="41.585" classname="myobject.TechnicalDevice">
    <failure type="java.lang.AssertionError" message="Есть обязательные поля, не подсвеченные как обязательные:
[Входит в состав объекта]
Скриншот:/home/natalia/IdeaProjects/TestsMyObject/src/test/screenshots/fails/fail_2015.10.21_12:28:27.png expected [true] but found [false]">
      <![CDATA[java.lang.AssertionError: Есть обязательные поля, не подсвеченные как обязательные:
[Входит в состав объекта]
Скриншот:/home/natalia/IdeaProjects/TestsMyObject/src/test/screenshots/fails/fail_2015.10.21_12:28:27.png expected [true] but found [false]
	at myobject.TechnicalDevice.testEditEmpty(TechnicalDevice.java:223)
	at com.intellij.rt.execution.application.AppMain.main(AppMain.java:140)
... Removed 32 stack frames]]>
    </failure>
  </testcase> <!-- testEditEmpty -->
  <testcase name="testDelete" time="17.972" classname="myobject.TechnicalDevice">
    <failure type="org.openqa.selenium.WebDriverException" message="unknown error: Element is not clickable at point (385, 152). Other element would receive the click: &amp;lt;div id=&amp;quot;workspace-preloader&amp;quot; class=&amp;quot;default-preloader view&amp;quot; style=&amp;quot;display: block;&amp;quot;&amp;gt;...&amp;lt;/div&amp;gt;
  (Session info: chrome=39.0.2171.95)
  (Driver info: chromedriver=2.14.313457 (3d645c400edf2e2c500566c9aa096063e707c9cf),platform=Linux 3.13.0-63-generic x86) (WARNING: The server did not provide any stacktrace information)
Command duration or timeout: 30 milliseconds
Build info: version: &amp;apos;2.45.0&amp;apos;, revision: &amp;apos;5017cb8e7ca8e37638dc3091b2440b90a1d8686f&amp;apos;, time: &amp;apos;2015-02-27 09:10:26&amp;apos;
System info: host: &amp;apos;natalia-All-Series&amp;apos;, ip: &amp;apos;127.0.0.1&amp;apos;, os.name: &amp;apos;Linux&amp;apos;, os.arch: &amp;apos;i386&amp;apos;, os.version: &amp;apos;3.13.0-63-generic&amp;apos;, java.version: &amp;apos;1.7.0_65&amp;apos;
Session ID: a45fd99d9957fda86ad707447f194c32
Driver info: org.openqa.selenium.chrome.ChromeDriver
Capabilities [{platform=LINUX, acceptSslCerts=true, javascriptEnabled=true, browserName=chrome, chrome={userDataDir=/tmp/.com.google.Chrome.HgILvd}, rotatable=false, locationContextEnabled=true, mobileEmulationEnabled=false, version=39.0.2171.95, takesHeapSnapshot=true, cssSelectorsEnabled=true, databaseEnabled=false, handlesAlerts=true, browserConnectionEnabled=false, webStorageEnabled=true, nativeEvents=true, applicationCacheEnabled=false, takesScreenshot=true}]">
      <![CDATA[org.openqa.selenium.WebDriverException: unknown error: Element is not clickable at point (385, 152). Other element would receive the click: <div id="workspace-preloader" class="default-preloader view" style="display: block;">...</div>
  (Session info: chrome=39.0.2171.95)
  (Driver info: chromedriver=2.14.313457 (3d645c400edf2e2c500566c9aa096063e707c9cf),platform=Linux 3.13.0-63-generic x86) (WARNING: The server did not provide any stacktrace information)
Command duration or timeout: 30 milliseconds
Build info: version: '2.45.0', revision: '5017cb8e7ca8e37638dc3091b2440b90a1d8686f', time: '2015-02-27 09:10:26'
System info: host: 'natalia-All-Series', ip: '127.0.0.1', os.name: 'Linux', os.arch: 'i386', os.version: '3.13.0-63-generic', java.version: '1.7.0_65'
Session ID: a45fd99d9957fda86ad707447f194c32
Driver info: org.openqa.selenium.chrome.ChromeDriver
Capabilities [{platform=LINUX, acceptSslCerts=true, javascriptEnabled=true, browserName=chrome, chrome={userDataDir=/tmp/.com.google.Chrome.HgILvd}, rotatable=false, locationContextEnabled=true, mobileEmulationEnabled=false, version=39.0.2171.95, takesHeapSnapshot=true, cssSelectorsEnabled=true, databaseEnabled=false, handlesAlerts=true, browserConnectionEnabled=false, webStorageEnabled=true, nativeEvents=true, applicationCacheEnabled=false, takesScreenshot=true}]
	at org.openqa.selenium.remote.ErrorHandler.createThrowable(ErrorHandler.java:204)
	at org.openqa.selenium.remote.ErrorHandler.throwIfResponseFailed(ErrorHandler.java:156)
	at org.openqa.selenium.remote.RemoteWebDriver.execute(RemoteWebDriver.java:599)
	at org.openqa.selenium.remote.RemoteWebElement.execute(RemoteWebElement.java:268)
	at org.openqa.selenium.remote.RemoteWebElement.click(RemoteWebElement.java:79)
	at org.openqa.selenium.support.events.EventFiringWebDriver$EventFiringWebElement$1.invoke(EventFiringWebDriver.java:331)
	at com.sun.proxy.$Proxy10.click(Unknown Source)
	at org.openqa.selenium.support.events.EventFiringWebDriver$EventFiringWebElement.click(EventFiringWebDriver.java:344)
	at Base.MOWebdriver.sortList(MOWebdriver.java:737)
	at Base.MOWebdriver.selectRow(MOWebdriver.java:710)
	at myobject.TechnicalDevice.testDelete(TechnicalDevice.java:238)
	at com.intellij.rt.execution.application.AppMain.main(AppMain.java:140)
... Removed 36 stack frames]]>
    </failure>
  </testcase> <!-- testDelete -->
</testsuite> <!-- ТУ -->
