<?xml version="1.0" encoding="UTF-8"?>
<!-- Generated by org.testng.reporters.JUnitXMLReporter -->
<testsuite hostname="natalia-All-Series" name="Филиал" tests="4" failures="2" timestamp="14 Oct 2015 08:21:52 GMT" time="300.771" errors="0">
  <testcase name="testAdd" time="81.301" classname="myobject.Filial"/>
  <testcase name="testAddEmpty" time="52.762" classname="myobject.Filial">
    <failure type="java.lang.AssertionError" message="Есть обязательные поля, не подсвеченные как обязательные:
[Код ОКАТО]
Скриншот:/home/natalia/IdeaProjects/TestsMyObject/src/test/screenshots/fails/fail_2015.10.14_11:19:32.png expected [true] but found [false]">
      <![CDATA[java.lang.AssertionError: Есть обязательные поля, не подсвеченные как обязательные:
[Код ОКАТО]
Скриншот:/home/natalia/IdeaProjects/TestsMyObject/src/test/screenshots/fails/fail_2015.10.14_11:19:32.png expected [true] but found [false]
	at myobject.Filial.testAddEmpty(Filial.java:98)
	at com.intellij.rt.execution.application.AppMain.main(AppMain.java:140)
... Removed 32 stack frames]]>
    </failure>
  </testcase> <!-- testAddEmpty -->
  <testcase name="testEdit" time="80.024" classname="myobject.Filial"/>
  <testcase name="testEditEmpty" time="47.654" classname="myobject.Filial">
    <failure type="java.lang.AssertionError" message="Есть обязательные поля, не подсвеченные как обязательные:
[Код ОКАТО]
Скриншот:/home/natalia/IdeaProjects/TestsMyObject/src/test/screenshots/fails/fail_2015.10.14_11:21:50.png expected [true] but found [false]">
      <![CDATA[java.lang.AssertionError: Есть обязательные поля, не подсвеченные как обязательные:
[Код ОКАТО]
Скриншот:/home/natalia/IdeaProjects/TestsMyObject/src/test/screenshots/fails/fail_2015.10.14_11:21:50.png expected [true] but found [false]
	at myobject.Filial.testEditEmpty(Filial.java:161)
	at com.intellij.rt.execution.application.AppMain.main(AppMain.java:140)
... Removed 32 stack frames]]>
    </failure>
  </testcase> <!-- testEditEmpty -->
</testsuite> <!-- Филиал -->
